Log file open, 07/01/15 00:56:48
LogInit:Display: Running engine for game: ProjectX
LogInit: Version: 4.7.6-2513093+++depot+UE4-Releases+4.7
LogInit: API Version: 2455222
LogInit: Compiled (64-bit): Apr 15 2015 12:09:54
LogInit: Compiled with Visual C++: 18.00.21005.01
LogInit: Build Configuration: Development
LogInit: Branch Name: ++depot+UE4-Releases+4.7
LogInit: Command line:  
LogInit: Base directory: C:/Program Files/Epic Games/4.7/Engine/Binaries/Win64/
LogInit: Rocket: 1
[2015.07.01-04.56.48:229][  0]LogTaskGraph: Started task graph with 3 named threads and 4 total threads.
[2015.07.01-04.56.48:274][  0]LogOnline:Warning: No default platform service specified for OnlineSubsystem
[2015.07.01-04.56.48:296][  0]LogInit: Presizing for 0 objects not considered by GC, pre-allocating 0 bytes.
[2015.07.01-04.56.48:304][  0]LogInit: Object subsystem initialized
[2015.07.01-04.56.48:306][  0]LogConsoleResponse:Warning: Skipping Unknown console variable: 'TranslucentSortAxis = (X=0.000000,Y=-1.000000,Z=0.000000)'
[2015.07.01-04.56.48:306][  0]LogConsoleResponse:Warning:   Found in ini file 'C:/Users/zakkary/Documents/Unreal Projects/ProjectX/Saved/Config/Windows/Engine.ini', in section '[/Script/Engine.RendererSettings]'
[2015.07.01-04.56.48:306][  0]LogConsoleResponse:Warning: Skipping Unknown console variable: 'UIScaleRule = ShortestSide'
[2015.07.01-04.56.48:306][  0]LogConsoleResponse:Warning:   Found in ini file 'C:/Users/zakkary/Documents/Unreal Projects/ProjectX/Saved/Config/Windows/Engine.ini', in section '[/Script/Engine.RendererSettings]'
[2015.07.01-04.56.48:306][  0]LogConsoleResponse:Warning: Skipping Unknown console variable: 'UIScaleCurve = (EditorCurveData=(Keys=),ExternalCurve=None)'
[2015.07.01-04.56.48:306][  0]LogConsoleResponse:Warning:   Found in ini file 'C:/Users/zakkary/Documents/Unreal Projects/ProjectX/Saved/Config/Windows/Engine.ini', in section '[/Script/Engine.RendererSettings]'
[2015.07.01-04.56.48:306][  0]LogInit: Selected Device Profile: [Windows]
[2015.07.01-04.56.48:306][  0]LogInit: Applying CVar settings loaded from the selected device profile: [Windows]
[2015.07.01-04.56.48:314][  0]LogInit: Computer: WINDOWS-EEDAQGF
[2015.07.01-04.56.48:314][  0]LogInit: User: zakkary
[2015.07.01-04.56.48:314][  0]LogInit: CPU Page size=4096, Cores=2
[2015.07.01-04.56.48:314][  0]LogInit: High frequency timer resolution =3.417979 MHz
[2015.07.01-04.56.48:315][  0]LogMemory: Memory total: Physical=5.9GB (6GB approx) Virtual=131072.0GB
[2015.07.01-04.56.48:315][  0]LogMemory: Platform Memory Stats for Windows
[2015.07.01-04.56.48:315][  0]LogMemory: Process Physical Memory: 45.69 MB used, 45.69 MB peak
[2015.07.01-04.56.48:315][  0]LogMemory: Process Virtual Memory: 24.35 MB used, 24.36 MB peak
[2015.07.01-04.56.48:315][  0]LogMemory: Physical Memory: 2808.91 MB used, 6058.93 MB total
[2015.07.01-04.56.48:315][  0]LogMemory: Virtual Memory: 285.77 MB used, 134217728.00 MB total
[2015.07.01-04.56.48:345][  0]LogD3D11RHI: Found D3D11 adapter 0: NVIDIA GeForce GTX 745 (Feature Level 11_0)
[2015.07.01-04.56.48:345][  0]LogD3D11RHI: Adapter has 4023MB of dedicated video memory, 0MB of dedicated system memory, and 3029MB of shared system memory, 2 output[s]
[2015.07.01-04.56.48:353][  0]LogD3D11RHI: Found D3D11 adapter 1: Intel(R) HD Graphics 4400 (Feature Level 11_0)
[2015.07.01-04.56.48:353][  0]LogD3D11RHI: Adapter has 0MB of dedicated video memory, 0MB of dedicated system memory, and 1792MB of shared system memory, 0 output[s]
[2015.07.01-04.56.48:355][  0]LogD3D11RHI: Found D3D11 adapter 2: Microsoft Basic Render Driver (Feature Level 11_0)
[2015.07.01-04.56.48:355][  0]LogD3D11RHI: Adapter has 0MB of dedicated video memory, 0MB of dedicated system memory, and 256MB of shared system memory, 0 output[s]
[2015.07.01-04.56.48:355][  0]LogD3D11RHI: Chosen D3D11 Adapter Id = 0
[2015.07.01-04.56.48:360][  0]LogRHI: Texture pool is 1361 MB (70% of 1945 MB)
[2015.07.01-04.56.48:375][  0]LogD3D11RHI: Async texture creation enabled
[2015.07.01-04.56.48:464][  0]LogTextLocalizationManager: The requested culture ('en_US') has no localization data; parent culture's ('en') localization data will be used.
[2015.07.01-04.56.48:521][  0]LogTextLocalizationManager:Warning: Loading localization resources contain conflicting entries for (Namespace:UICommands, Key:Save_ToolTip):
Resource: (C:/Program Files/Epic Games/4.7/Engine/Content/Localization/Editor/en/Editor.locres) Hash: (-29098895) String: (Saves the current level to disk)
Resource: (C:/Program Files/Epic Games/4.7/Engine/Content/Localization/Engine/en/Engine.locres) Hash: (-1280300587) String: (Save selected data to vlog file)
[2015.07.01-04.56.48:521][  0]LogTextLocalizationManager:Warning: Loading localization resources contain conflicting entries for (Namespace:ContentBrowser, Key:ImportAssetToolTip):
Resource: (C:/Program Files/Epic Games/4.7/Engine/Content/Localization/Editor/en/Editor.locres) Hash: (-630476809) String: (Import to {0}...)
Resource: (C:/Program Files/Epic Games/4.7/Engine/Content/Localization/Editor/en/Editor.locres) Hash: (1271782899) String: (Imports an asset from file to this folder.)
[2015.07.01-04.56.48:604][  0]LogContentStreaming: Texture pool size is 0.000000MB
[2015.07.01-04.56.51:485][  0]LogTargetPlatformManager:Display: Building Assets For Windows
[2015.07.01-04.56.52:922][  0]LogTargetPlatformManager:Display: Building Assets For Windows
[2015.07.01-04.56.53:026][  0]LogDerivedDataCache:Display: Max Cache Size: 512 MB
[2015.07.01-04.56.53:454][  0]LogDerivedDataCache: Loaded boot cache 0.41s 42MB C:/Users/zakkary/AppData/Local/UnrealEngine/4.7/DerivedDataCache/Boot.ddc.
[2015.07.01-04.56.53:454][  0]LogDerivedDataCache:Display: Loaded Boot cache: C:/Users/zakkary/AppData/Local/UnrealEngine/4.7/DerivedDataCache/Boot.ddc
[2015.07.01-04.56.53:454][  0]LogDerivedDataCache: FDerivedDataBackendGraph:  Pak pak cache file ../../../../../../Users/zakkary/Documents/Unreal Projects/ProjectX/DerivedDataCache/DDC.ddp not found, will not use a pak cache.
[2015.07.01-04.56.53:454][  0]LogDerivedDataCache: Unable to find inner node Pak for hierarchical cache Hierarchy.
[2015.07.01-04.56.53:611][  0]LogDerivedDataCache:Display: Pak cache opened for reading ../../../Engine/DerivedDataCache/Compressed.ddp.
[2015.07.01-04.56.53:658][  0]LogDerivedDataCache: Using Local data cache path C:/Users/zakkary/AppData/Local/UnrealEngine/Common/DerivedDataCache: Writable
[2015.07.01-04.56.58:045][  0]LogMeshUtilities: No automatic mesh reduction module available
[2015.07.01-04.56.58:045][  0]LogMeshUtilities: No automatic mesh merging module available
[2015.07.01-04.57.01:074][  0]LogInit: WinSock: version 1.1 (2.2), MaxSocks=32767, MaxUdp=65467
[2015.07.01-04.57.01:573][  0]LogSlate:Warning: Failed to load font data from '../../../Engine/Content/Slate/Fonts/Roboto-Italic.ttf'
[2015.07.01-04.57.36:110][  0]UdpMessaging: Initializing bridge on interface 0.0.0.0:0 to multicast group 230.0.0.1:6666.
[2015.07.01-04.57.37:690][  0]SourceControl: Info Source control is disabled
[2015.07.01-04.57.37:690][  0]SourceControl: Info Source control is disabled
[2015.07.01-04.57.37:690][  0]SourceControl: Info Source control is disabled
[2015.07.01-04.57.37:690][  0]LogSourceControl: RunCommandInternalRaw: 'git version'
[2015.07.01-04.57.37:690][  0]LogSourceControl: RunCommandInternalRaw: ExecProcess ReturnCode=2 OutResults=''
[2015.07.01-04.57.37:708][  0]SourceControl: Info Source control is disabled
[2015.07.01-04.57.39:546][  0]LogObj: 24232 objects as part of root set at end of initial load.
[2015.07.01-04.57.39:546][  0]LogUObjectAllocator: 5137176 out of 0 bytes used by permanent object pool.
[2015.07.01-04.57.40:598][  0]LogEngine: Initializing Engine...
[2015.07.01-04.57.45:699][  0]LogInit: XAudio2 using 'Headphones (Realtek High Definition Audio)' : 2 channels at 48 kHz using 32 bits per sample (channel mask 0x3)
[2015.07.01-04.57.45:770][  0]LogInit: FAudioDevice initialized.
[2015.07.01-04.57.45:883][  0]LogAIModule: Creating AISystem for world NewWorld
[2015.07.01-04.57.45:958][  0]LogDerivedDataCache: Saved boot cache 0.07s 58MB C:/Users/zakkary/AppData/Local/UnrealEngine/4.7/DerivedDataCache/Boot.ddc.
[2015.07.01-04.57.45:963][  0]LogInit: Texture streaming: Enabled
[2015.07.01-04.57.47:624][  0]LogAnalytics: Creating configured Analytics provider AnalyticsET
[2015.07.01-04.57.47:624][  0]LogAnalytics: ET APIKey = Rocket.Release. APIServer = http://et2.epicgames.com/ET2/. AppVersion = 4.7.6-2513093+++depot+UE4-Releases+4.7
[2015.07.01-04.57.47:624][  0]LogAnalytics: ET APIKey = Rocket.Release. DataRouterUploadURL = https://datarouter-public-service-gamedev.ol.epicgames.net/datarouter/api/v1/public/data. AppVersion = 4.7.6-2513093+++depot+UE4-Releases+4.7
[2015.07.01-04.57.47:624][  0]LogAnalytics: SetUserId 3fef96e443eca69818e6a6858e3831ff|477cfcebb1e14236b0418c70f5266c5b|ebe119c6-716e-4f8a-b62f-9df334f71ae5
[2015.07.01-04.57.47:641][  0]LogAnalytics: AnalyticsET::StartSession [Rocket.Release]
[2015.07.01-04.57.48:225][  0]LogInit: Transaction tracking system initialized
[2015.07.01-04.57.50:357][  0]BlueprintLog: New page: Editor Load
[2015.07.01-04.57.50:459][  0]LogAssetRegistry: FAssetRegistry took 0.0111 seconds to start up
[2015.07.01-04.57.50:460][  0]LogDirectoryWatcher:Warning: Failed to begin reading directory changes for ../../../Engine/Plugins/Experimental/CharacterAI/Content/. Error: 0
[2015.07.01-04.57.53:544][  0]LogTargetPlatformManager:Display: Building Assets For Windows
[2015.07.01-04.57.53:994][  0]LogTargetPlatformManager:Display: Building Assets For Windows
[2015.07.01-04.57.56:182][  0]LogSlate:Warning: Failed to load font data from '../../../Engine/Content/Editor/Slate/Fonts/Roboto-Regular.ttf'
[2015.07.01-04.57.56:183][  0]LogSlate:Warning: Failed to load font data from '../../../Engine/Content/Editor/Slate/Fonts/Roboto-Bold.ttf'
[2015.07.01-04.57.56:347][  0]LogConsoleResponse:Display: 
[2015.07.01-04.58.00:726][  0]LogCook:Display: Done creating registry. It took  0.00s.
[2015.07.01-04.58.03:199][  0]SourceControl: Info Source control is disabled
[2015.07.01-04.58.50:104][  0]Cmd: MAP LOAD FILE="../../../../../../Users/zakkary/Documents/Unreal Projects/ProjectX/Content/ThirdPersonBP/Maps/ThirdPersonExampleMap.umap" TEMPLATE=0 SHOWPROGRESS=1 FEATURELEVEL=3
[2015.07.01-04.58.50:105][  0]LightingResults: New page: Lighting Build
[2015.07.01-04.58.50:170][  0]MapCheck: New page: Map Check
[2015.07.01-04.58.50:170][  0]LightingResults: New page: Lighting Build
[2015.07.01-04.58.50:192][  0]LogParticles: Destroying 0 GPU particle simulations for FXSystem 0x00000087F17C6980
[2015.07.01-04.58.50:293][  0]LogLinker:Warning: Asset '../../../Engine/Content/EngineMeshes/Humanoid.uasset' has been saved with empty engine version. The asset will be loaded but may be incompatible.
[2015.07.01-04.58.53:975][  0]LogEditorServer: Finished looking for orphan Actors (0.000 secs)
[2015.07.01-04.58.55:397][  0]LogAIModule: Creating AISystem for world ThirdPersonExampleMap
[2015.07.01-04.58.55:399][  0]Cmd: MAP CHECKDEP
[2015.07.01-04.58.55:399][  0]MapCheck: New page: ThirdPersonExampleMap - Jun 30, 2015, 8:58:55 PM
[2015.07.01-04.58.55:607][  0]MapCheck: Info Map check complete: 0 Error(s), 0 Warning(s), took 207.631ms to complete.
[2015.07.01-04.58.55:608][  0]LogFileHelpers: Loading map 'ThirdPersonExampleMap' took 5.504
[2015.07.01-04.58.56:110][  0]LogStats:Warning: MetaData mismatch. Did you assign a stat to two groups? New //STATGROUP_Threads//SplashScreenThread///Thread_7ec_0///////STATCAT_Advanced//// old //STATGROUP_Threads//SplashScreenThread///Thread_2540_0///////STATCAT_Advanced////
[2015.07.01-04.58.56:110][  0]LogCollectionManager: Loaded 0 collections in 0.002405 seconds
[2015.07.01-04.58.56:123][  0]LogContentBrowser: Native class hierarchy populated in 0.0129 seconds. Added 1696 classes and 261 folders.
[2015.07.01-04.58.56:258][  0]LogContentBrowser: Native class hierarchy updated for 'SceneOutliner' in 0.0049 seconds. Added 1 classes and 2 folders.
[2015.07.01-04.58.56:613][  0]LogCrashTracker: Crashtracker disabled due to settings.
[2015.07.01-04.58.56:615][ 