Log file open, 07/01/15 01:07:05
LogInit:Display: Running engine for game: ProjectX
LogInit: Version: 4.7.6-2513093+++depot+UE4-Releases+4.7
LogInit: API Version: 2455222
LogInit: Compiled (64-bit): Apr 15 2015 12:09:54
LogInit: Compiled with Visual C++: 18.00.21005.01
LogInit: Build Configuration: Development
LogInit: Branch Name: ++depot+UE4-Releases+4.7
LogInit: Command line:  
LogInit: Base directory: C:/Program Files/Epic Games/4.7/Engine/Binaries/Win64/
LogInit: Rocket: 1
[2015.07.01-05.07.05:196][  0]LogTaskGraph: Started task graph with 3 named threads and 4 total threads.
[2015.07.01-05.07.05:237][  0]LogOnline:Warning: No default platform service specified for OnlineSubsystem
[2015.07.01-05.07.05:287][  0]LogInit: Presizing for 0 objects not considered by GC, pre-allocating 0 bytes.
[2015.07.01-05.07.05:295][  0]LogInit: Object subsystem initialized
[2015.07.01-05.07.05:297][  0]LogConsoleResponse:Warning: Skipping Unknown console variable: 'TranslucentSortAxis = (X=0.000000,Y=-1.000000,Z=0.000000)'
[2015.07.01-05.07.05:297][  0]LogConsoleResponse:Warning:   Found in ini file 'C:/Users/zakkary/Documents/GitHub/Project-X/ProjectX/Saved/Config/Windows/Engine.ini', in section '[/Script/Engine.RendererSettings]'
[2015.07.01-05.07.05:297][  0]LogConsoleResponse:Warning: Skipping Unknown console variable: 'UIScaleRule = ShortestSide'
[2015.07.01-05.07.05:297][  0]LogConsoleResponse:Warning:   Found in ini file 'C:/Users/zakkary/Documents/GitHub/Project-X/ProjectX/Saved/Config/Windows/Engine.ini', in section '[/Script/Engine.RendererSettings]'
[2015.07.01-05.07.05:297][  0]LogConsoleResponse:Warning: Skipping Unknown console variable: 'UIScaleCurve = (EditorCurveData=(Keys=),ExternalCurve=None)'
[2015.07.01-05.07.05:297][  0]LogConsoleResponse:Warning:   Found in ini file 'C:/Users/zakkary/Documents/GitHub/Project-X/ProjectX/Saved/Config/Windows/Engine.ini', in section '[/Script/Engine.RendererSettings]'
[2015.07.01-05.07.05:297][  0]LogInit: Selected Device Profile: [Windows]
[2015.07.01-05.07.05:297][  0]LogInit: Applying CVar settings loaded from the selected device profile: [Windows]
[2015.07.01-05.07.05:316][  0]LogInit: Computer: WINDOWS-EEDAQGF
[2015.07.01-05.07.05:316][  0]LogInit: User: zakkary
[2015.07.01-05.07.05:316][  0]LogInit: CPU Page size=4096, Cores=2
[2015.07.01-05.07.05:316][  0]LogInit: High frequency timer resolution =3.417979 MHz
[2015.07.01-05.07.05:316][  0]LogMemory: Memory total: Physical=5.9GB (6GB approx) Virtual=131072.0GB
[2015.07.01-05.07.05:316][  0]LogMemory: Platform Memory Stats for Windows
[2015.07.01-05.07.05:316][  0]LogMemory: Process Physical Memory: 45.56 MB used, 45.56 MB peak
[2015.07.01-05.07.05:316][  0]LogMemory: Process Virtual Memory: 22.29 MB used, 22.30 MB peak
[2015.07.01-05.07.05:316][  0]LogMemory: Physical Memory: 3177.71 MB used, 6058.93 MB total
[2015.07.01-05.07.05:316][  0]LogMemory: Virtual Memory: 283.70 MB used, 134217728.00 MB total
[2015.07.01-05.07.05:341][  0]LogD3D11RHI: Found D3D11 adapter 0: NVIDIA GeForce GTX 745 (Feature Level 11_0)
[2015.07.01-05.07.05:341][  0]LogD3D11RHI: Adapter has 4023MB of dedicated video memory, 0MB of dedicated system memory, and 3029MB of shared system memory, 2 output[s]
[2015.07.01-05.07.05:460][  0]LogD3D11RHI: Found D3D11 adapter 1: Intel(R) HD Graphics 4400 (Feature Level 11_0)
[2015.07.01-05.07.05:460][  0]LogD3D11RHI: Adapter has 0MB of dedicated video memory, 0MB of dedicated system memory, and 1792MB of shared system memory, 0 output[s]
[2015.07.01-05.07.05:461][  0]LogD3D11RHI: Found D3D11 adapter 2: Microsoft Basic Render Driver (Feature Level 11_0)
[2015.07.01-05.07.05:461][  0]LogD3D11RHI: Adapter has 0MB of dedicated video memory, 0MB of dedicated system memory, and 256MB of shared system memory, 0 output[s]
[2015.07.01-05.07.05:461][  0]LogD3D11RHI: Chosen D3D11 Adapter Id = 0
[2015.07.01-05.07.05:465][  0]LogRHI: Texture pool is 1361 MB (70% of 1945 MB)
[2015.07.01-05.07.05:478][  0]LogD3D11RHI: Async texture creation enabled
[2015.07.01-05.07.05:742][  0]LogTextLocalizationManager: The requested culture ('en_US') has no localization data; parent culture's ('en') localization data will be used.
[2015.07.01-05.07.05:792][  0]LogTextLocalizationManager:Warning: Loading localization resources contain conflicting entries for (Namespace:UICommands, Key:Save_ToolTip):
Resource: (C:/Program Files/Epic Games/4.7/Engine/Content/Localization/Editor/en/Editor.locres) Hash: (-29098895) String: (Saves the current level to disk)
Resource: (C:/Program Files/Epic Games/4.7/Engine/Content/Localization/Engine/en/Engine.locres) Hash: (-1280300587) String: (Save selected data to vlog file)
[2015.07.01-05.07.05:792][  0]LogTextLocalizationManager:Warning: Loading localization resources contain conflicting entries for (Namespace:ContentBrowser, Key:ImportAssetToolTip):
Resource: (C:/Program Files/Epic Games/4.7/Engine/Content/Localization/Editor/en/Editor.locres) Hash: (-630476809) String: (Import to {0}...)
Resource: (C:/Program Files/Epic Games/4.7/Engine/Content/Localization/Editor/en/Editor.locres) Hash: (1271782899) String: (Imports an asset from file to this folder.)
[2015.07.01-05.07.05:862][  0]LogContentStreaming: Texture pool size is 0.000000MB
[2015.07.01-05.07.08:286][  0]LogTargetPlatformManager:Display: Building Assets For Windows
[2015.07.01-05.07.09:025][  0]LogTargetPlatformManager:Display: Building Assets For Windows
[2015.07.01-05.07.09:119][  0]LogDerivedDataCache:Display: Max Cache Size: 512 MB
[2015.07.01-05.07.09:175][  0]LogDerivedDataCache: Loaded boot cache 0.06s 58MB C:/Users/zakkary/AppData/Local/UnrealEngine/4.7/DerivedDataCache/Boot.ddc.
[2015.07.01-05.07.09:175][  0]LogDerivedDataCache:Display: Loaded Boot cache: C:/Users/zakkary/AppData/Local/UnrealEngine/4.7/DerivedDataCache/Boot.ddc
[2015.07.01-05.07.09:175][  0]LogDerivedDataCache: FDerivedDataBackendGraph:  Pak pak cache file ../../../../../../Users/zakkary/Documents/GitHub/Project-X/ProjectX/DerivedDataCache/DDC.ddp not found, will not use a pak cache.
[2015.07.01-05.07.09:175][  0]LogDerivedDataCache: Unable to find inner node Pak for hierarchical cache Hierarchy.
[2015.07.01-05.07.09:279][  0]LogDerivedDataCache:Display: Pak cache opened for reading ../../../Engine/DerivedDataCache/Compressed.ddp.
[2015.07.01-05.07.09:312][  0]LogDerivedDataCache: Using Local data cache path C:/Users/zakkary/AppData/Local/UnrealEngine/Common/DerivedDataCache: Writable
[2015.07.01-05.07.09:639][  0]LogMeshUtilities: No automatic mesh reduction module available
[2015.07.01-05.07.09:639][  0]LogMeshUtilities: No automatic mesh merging module available
[2015.07.01-05.07.10:066][  0]LogInit: WinSock: version 1.1 (2.2), MaxSocks=32767, MaxUdp=65467
[2015.07.01-05.07.10:219][  0]LogSlate:Warning: Failed to load font data from '../../../Engine/Content/Slate/Fonts/Roboto-Italic.ttf'
[2015.07.01-05.07.11:535][  0]UdpMessaging: Initializing bridge on interface 0.0.0.0:0 to multicast group 230.0.0.1:6666.
[2015.07.01-05.07.11:854][  0]SourceControl: Info Source control is disabled
[2015.07.01-05.07.11:854][  0]SourceControl: Info Source control is disabled
[2015.07.01-05.07.11:854][  0]SourceControl: Info Source control is disabled
[2015.07.01-05.07.11:854][  0]LogSourceControl: RunCommandInternalRaw: 'git version'
[2015.07.01-05.07.11:854][  0]LogSourceControl: RunCommandInternalRaw: ExecProcess ReturnCode=2 OutResults=''
[2015.07.01-05.07.11:879][  0]SourceControl: Info Source control is disabled
[2015.07.01-05.07.12:203][  0]LogObj: 24232 objects as part of root set at end of initial load.
[2015.07.01-05.07.12:203][  0]LogUObjectAllocator: 5137176 out of 0 bytes used by permanent object pool.
[2015.07.01-05.07.12:299][  0]LogEngine: Initializing Engine...
[2015.07.01-05.07.14:469][  0]LogInit: XAudio2 using 'Headphones (Realtek High Definition Audio)' : 2 channels at 48 kHz using 32 bits per sample (channel mask 0x3)
[2015.07.01-05.07.14:503][  0]LogInit: FAudioDevice initialized.
[2015.07.01-05.07.14:565][  0]LogAIModule: Creating AISystem for world NewWorld
[2015.07.01-05.07.14:602][  0]LogDerivedDataCache: Saved boot cache 0.04s 58MB C:/Users/zakkary/AppData/Local/UnrealEngine/4.7/DerivedDataCache/Boot.ddc.
[2015.07.01-05.07.14:607][  0]LogInit: Texture streaming: Enabled
[2015.07.01-05.07.14:732][  0]LogAnalytics: Creating configured Analytics provider AnalyticsET
[2015.07.01-05.07.14:732][  0]LogAnalytics: ET APIKey = Rocket.Release. APIServer = http://et2.epicgames.com/ET2/. AppVersion = 4.7.6-2513093+++depot+UE4-Releases+4.7
[2015.07.01-05.07.14:732][  0]LogAnalytics: ET APIKey = Rocket.Release. DataRouterUploadURL = https://datarouter-public-service-gamedev.ol.epicgames.net/datarouter/api/v1/public/data. AppVersion = 4.7.6-2513093+++depot+UE4-Releases+4.7
[2015.07.01-05.07.14:732][  0]LogAnalytics: SetUserId 3fef96e443eca69818e6a6858e3831ff|477cfcebb1e14236b0418c70f5266c5b|ebe119c6-716e-4f8a-b62f-9df334f71ae5
[2015.07.01-05.07.14:732][  0]LogAnalytics: AnalyticsET::StartSession [Rocket.Release]
[2015.07.01-05.07.14:957][  0]LogInit: Transaction tracking system initialized
[2015.07.01-05.07.15:238][  0]BlueprintLog: New page: Editor Load
[2015.07.01-05.07.15:303][  0]LogAssetRegistry: FAssetRegistry took 0.0108 seconds to start up
[2015.07.01-05.07.15:303][  0]LogDirectoryWatcher:Warning: Failed to begin reading directory changes for ../../../Engine/Plugins/Experimental/CharacterAI/Content/. Error: 0
[2015.07.01-05.07.16:116][  0]LogTargetPlatformManager:Display: Building Assets For Windows
[2015.07.01-05.07.16:581][  0]LogTargetPlatformManager:Display: Building Assets For Windows
[2015.07.01-05.07.17:143][  0]LogSlate:Warning: Failed to load font data from '../../../Engine/Content/Editor/Slate/Fonts/Roboto-Regular.ttf'
[2015.07.01-05.07.17:144][  0]LogSlate:Warning: Failed to load font data from '../../../Engine/Content/Editor/Slate/Fonts/Roboto-Bold.ttf'
[2015.07.01-05.07.17:151][  0]LogConsoleResponse:Display: 
[2015.07.01-05.07.17:401][  0]LogCook:Display: Done creating registry. It took  0.00s.
[2015.07.01-05.07.17:732][  0]SourceControl: Info Source control is disabled
[2015.07.01-05.07.17:732][  0]Cmd: MAP LOAD FILE="../../../../../../Users/zakkary/Documents/GitHub/Project-X/ProjectX/Content/ThirdPersonBP/Maps/ThirdPersonExampleMap.umap" TEMPLATE=0 SHOWPROGRESS=1 FEATURELEVEL=3
[2015.07.01-05.07.17:744][  0]LightingResults: New page: Lighting Build
[2015.07.01-05.07.17:772][  0]MapCheck: New page: Map Check
[2015.07.01-05.07.17:772][  0]LightingResults: New page: Lighting Build
[2015.07.01-05.07.17:791][  0]LogParticles: Destroying 0 GPU particle simulations for FXSystem 0x00000029DDF42980
[2015.07.01-05.07.17:875][  0]LogLinker:Warning: Asset '../../../Engine/Content/EngineMeshes/Humanoid.uasset' has been saved with empty engine version. The asset will be loaded but may be incompatible.
[2015.07.01-05.07.20:892][  0]LogEditorServer: Finished looking for orphan Actors (0.000 secs)
[2015.07.01-05.07.21:912][  0]LogAIModule: Creating AISystem for world ThirdPersonExampleMap
[2015.07.01-05.07.21:913][  0]Cmd: MAP CHECKDEP
[2015.07.01-05.07.21:914][  0]MapCheck: New page: ThirdPersonExampleMap - Jun 30, 2015, 9:07:21 PM
[2015.07.01-05.07.22:093][  0]MapCheck: Info Map check complete: 0 Error(s), 0 Warning(s), took 179.99ms to complete.
[2015.07.01-05.07.22:094][  0]LogFileHelpers: Loading map 'ThirdPersonExampleMap' took 4.362
[2015.07.01-05.07.22:280][  0]LogCollectionManager: Loaded 0 collections in 0.002857 seconds
[2015.07.01-05.07.22:300][  0]LogContentBrowser: Native class hierarchy populated in 0.0195 seconds. Added 1696 classes and 261 folders.
[2015.07.01-05.07.22:357][  0]LogContentBrowser: Native class hierarchy updated for 'SceneOutliner' in 0.0056 seconds. Added 1 classes and 2 folders.
[2015.07.01-05.07.22:434][  0]LogCrashTracker: Crashtracker disabled due to settings.
[2015.07.01-05.07.22:436][  0]LogSlate:Warning: Failed to load font data from 'Veranda'
[2015.07.01-05.07.22:442][  0]LogUObjectGlobals:Warning: Failed to find object 'Class None.'
[2015.07.01-05.07.22:473][  0]LogLoad: Full Startup: 19.75 seconds (BP compile: 1.12 seconds)
[2015.07.01-05.07.22:491][  0]LogContentBrowser:Verbose: The content browser source was changed by the sources view to '/Game/ThirdPersonBP/Blueprints'
[2015.07.01-05.07.22:722][  0]LogRenderer:Warning: Reallocating scene render targets to support 1208x576 (Frame:2).
[2015.07.01-05.07.22:944][  3]LogAssetRegistry: Asset discovery search completed in 7.6518 seconds
[2015.07.01-05.07.37:561][566]LogPlayLevel: PIE:  No blueprints needed recompiling
[2015.07.01-05.07.37:561][566]PIE: New page: PIE session: ThirdPersonExampleMap (Jun 30, 2015, 9:07:37 PM)
[2015.07.01-05.07.37:587][566]LogPlayLevel: PIE: StaticDuplicateObject took: (0.025009s)
[2015.07.01-05.07.37:588][566]LogPlayLevel: PIE: World Init took: (0.001049s)
[2015.07.01-05.07.37:588][566]LogPlayLevel: PIE: Created PIE world by copying editor world from /Game/ThirdPersonBP/Maps/ThirdPersonExampleMap.ThirdPersonExampleMap to /Game/ThirdPersonBP/Maps/UEDPIE_0_ThirdPersonExampleMap.ThirdPersonExampleMap (0.026389s)
[2015.07.01-05.07.37:706][566]LogWorld: Game class is 'ThirdPersonGameMode_C'
[2015.07.01-05.07.37:708][566]LogAIModule: Creating AISystem for world ThirdPersonExampleMap
[2015.07.01-05.07.37:718][566]LogWorld: Bringing World /Game/ThirdPersonBP/Maps/UEDPIE_0_ThirdPersonExampleMap.ThirdPersonExampleMap up for play (max tick rate 0) at 2015.07.01-01.07.37
[2015.07.01-05.07.37:719][566]LogWorld: Bringing up level for play took: 0.010643
[2015.07.01-05.07.37:721][566]LogBlueprintUserMessages: Walking
[2015.07.01-05.07.37:721][566]PIE: Info Play in editor start time for /Game/ThirdPersonBP/Maps/UEDPIE_0_ThirdPersonExampleMap 0.832
[2015.07.01-05.07.39:425][764]LogBlueprintUserMessages: Sprinting
[2015.07.01-05.07.40:033][837]LogBlueprintUserMessages: Walking
[2015.07.01-05.07.40:391][880]LogBlueprintUserMessages: Sprinting
[2015.07.01-05.07.40:783][927]LogBlueprintUserMessages: Walking
[2015.07.01-05.07.41:466][  9]LogBlueprintUserMessages: Sprinting
[2015.07.01-05.07.41:992][ 72]LogBlueprintUserMessages: Walking
[2015.07.01-05.07.42:500][133]LogBlueprintUserMessages: Sprinting
[2015.07.01-05.07.43:017][195]LogBlueprintUserMessages: Walking
[2015.07.01-05.07.43:425][244]LogBlueprintUserMessages: Sprinting
[2015.07.01-05.07.43:859][296]LogBlueprintUserMessages: Walking
[2015.07.01-05.07.44:134][329]LogBlueprintUserMessages: Sprinting
[2015.07.01-05.07.44:458][368]LogBlueprintUserMessages: Walking
[2015.07.01-05.07.44:650][391]LogBlueprintUserMessages: Sprinting
[2015.07.01-05.07.44:900][421]LogBlueprintUserMessages: Walking
[2015.07.01-05.07.45:050][439]LogBlueprintUserMessages: Sprinting
[2015.07.01-05.07.45:292][468]LogBlueprintUserMessages: Walking
[2015.07.01-05.07.45:475][490]LogBlueprintUserMessages: Sprinting
[2015.07.01-05.07.45:717][519]LogBlueprintUserMessages: Walking
[2015.07.01-05.07.45:842][534]LogBlueprintUserMessages: Sprinting
[2015.07.01-05.07.46:009][554]LogBlueprintUserMessages: Walking
[2015.07.01-05.07.46:192][576]LogBlueprintUserMessages: Sprinting
[2015.07.01-05.07.46:350][595]LogBlueprintUserMessages: Walking
[2015.07.01-05.07.46:500][613]LogBlueprintUserMessages: Sprinting
[2015.07.01-05.07.46:759][644]LogBlueprintUserMessages: Walking
[2015.07.01-05.07.46:892][660]LogBlueprintUserMessages: Sprinting
[2015.07.01-05.07.47:009][674]LogBlueprintUserMessages: Walking
[2015.07.01-05.07.47:075][682]LogBlueprintUserMessages: Sprinting
[2015.07.01-05.07.47:150][691]LogBlueprintUserMessages: Walking
[2015.07.01-05.07.47:234][701]LogBlueprintUserMessages: Sprinting
[2015.07.01-05.07.47:334][713]LogBlueprintUserMessages: Walking
[2015.07.01-05.07.47:425][724]LogBlueprintUserMessages: Sprinting
[2015.07.01-05.07.47:492][732]LogBlueprintUserMessages: Walking
[2015.07.01-05.07.47:617][747]LogBlueprintUserMessages: Sprinting
[2015.07.01-05.07.47:658][752]LogBlueprintUserMessages: Walking
[2015.07.01-05.07.48:259][824]LogBlueprintUserMessages: Sprinting
[2015.07.01-05.07.48:325][832]LogBlueprintUserMessages: Walking
[2015.07.01-05.07.48:459][848]LogBlueprintUserMessages: Sprinting
[2015.07.01-05.07.48:483][851]LogBlueprintUse