Log file open, 06/27/15 22:05:35
LogInit:Display: Running engine for game: ProjectX
LogInit: Version: 4.7.6-2513093+++depot+UE4-Releases+4.7
LogInit: API Version: 2455222
LogInit: Compiled (64-bit): Apr 15 2015 12:09:54
LogInit: Compiled with Visual C++: 18.00.21005.01
LogInit: Build Configuration: Development
LogInit: Branch Name: ++depot+UE4-Releases+4.7
LogInit: Command line: 
LogInit: Base directory: C:/Program Files/Epic Games/4.7/Engine/Binaries/Win64/
LogInit: Rocket: 1
[2015.06.28-02.05.35:375][  0]LogTaskGraph: Started task graph with 3 named threads and 4 total threads.
[2015.06.28-02.05.35:419][  0]LogOnline:Warning: No default platform service specified for OnlineSubsystem
[2015.06.28-02.05.35:442][  0]LogInit: Presizing for 0 objects not considered by GC, pre-allocating 0 bytes.
[2015.06.28-02.05.35:453][  0]LogInit: Object subsystem initialized
[2015.06.28-02.05.35:460][  0]LogInit: Selected Device Profile: [Windows]
[2015.06.28-02.05.35:460][  0]LogInit: Applying CVar settings loaded from the selected device profile: [Windows]
[2015.06.28-02.05.35:468][  0]LogInit: Computer: WINDOWS-EEDAQGF
[2015.06.28-02.05.35:468][  0]LogInit: User: zakkary
[2015.06.28-02.05.35:468][  0]LogInit: CPU Page size=4096, Cores=2
[2015.06.28-02.05.35:468][  0]LogInit: High frequency timer resolution =3.417979 MHz
[2015.06.28-02.05.35:468][  0]LogMemory: Memory total: Physical=5.9GB (6GB approx) Virtual=131072.0GB
[2015.06.28-02.05.35:468][  0]LogMemory: Platform Memory Stats for Windows
[2015.06.28-02.05.35:468][  0]LogMemory: Process Physical Memory: 45.25 MB used, 45.25 MB peak
[2015.06.28-02.05.35:468][  0]LogMemory: Process Virtual Memory: 24.36 MB used, 24.39 MB peak
[2015.06.28-02.05.35:468][  0]LogMemory: Physical Memory: 2696.32 MB used, 6058.93 MB total
[2015.06.28-02.05.35:468][  0]LogMemory: Virtual Memory: 287.89 MB used, 134217728.00 MB total
[2015.06.28-02.05.35:494][  0]LogD3D11RHI: Found D3D11 adapter 0: NVIDIA GeForce GTX 745 (Feature Level 11_0)
[2015.06.28-02.05.35:494][  0]LogD3D11RHI: Adapter has 4023MB of dedicated video memory, 0MB of dedicated system memory, and 3029MB of shared system memory, 2 output[s]
[2015.06.28-02.05.35:502][  0]LogD3D11RHI: Found D3D11 adapter 1: Intel(R) HD Graphics 4400 (Feature Level 11_0)
[2015.06.28-02.05.35:502][  0]LogD3D11RHI: Adapter has 0MB of dedicated video memory, 0MB of dedicated system memory, and 1792MB of shared system memory, 0 output[s]
[2015.06.28-02.05.35:503][  0]LogD3D11RHI: Found D3D11 adapter 2: Microsoft Basic Render Driver (Feature Level 11_0)
[2015.06.28-02.05.35:503][  0]LogD3D11RHI: Adapter has 0MB of dedicated video memory, 0MB of dedicated system memory, and 256MB of shared system memory, 0 output[s]
[2015.06.28-02.05.35:503][  0]LogD3D11RHI: Chosen D3D11 Adapter Id = 0
[2015.06.28-02.05.35:508][  0]LogRHI: Texture pool is 1361 MB (70% of 1945 MB)
[2015.06.28-02.05.35:522][  0]LogD3D11RHI: Async texture creation enabled
[2015.06.28-02.05.35:611][  0]LogTextLocalizationManager: The requested culture ('en_US') has no localization data; parent culture's ('en') localization data will be used.
[2015.06.28-02.05.35:670][  0]LogTextLocalizationManager:Warning: Loading localization resources contain conflicting entries for (Namespace:UICommands, Key:Save_ToolTip):
Resource: (C:/Program Files/Epic Games/4.7/Engine/Content/Localization/Editor/en/Editor.locres) Hash: (-29098895) String: (Saves the current level to disk)
Resource: (C:/Program Files/Epic Games/4.7/Engine/Content/Localization/Engine/en/Engine.locres) Hash: (-1280300587) String: (Save selected data to vlog file)
[2015.06.28-02.05.35:670][  0]LogTextLocalizationManager:Warning: Loading localization resources contain conflicting entries for (Namespace:ContentBrowser, Key:ImportAssetToolTip):
Resource: (C:/Program Files/Epic Games/4.7/Engine/Content/Localization/Editor/en/Editor.locres) Hash: (-630476809) String: (Import to {0}...)
Resource: (C:/Program Files/Epic Games/4.7/Engine/Content/Localization/Editor/en/Editor.locres) Hash: (1271782899) String: (Imports an asset from file to this folder.)
[2015.06.28-02.05.35:744][  0]LogContentStreaming: Texture pool size is 0.000000MB
[2015.06.28-02.05.38:172][  0]LogTargetPlatformManager:Display: Building Assets For Windows
[2015.06.28-02.05.38:883][  0]LogTargetPlatformManager:Display: Building Assets For Windows
[2015.06.28-02.05.38:981][  0]LogDerivedDataCache:Display: Max Cache Size: 512 MB
[2015.06.28-02.05.39:025][  0]LogDerivedDataCache: Loaded boot cache 0.04s 39MB C:/Users/zakkary/AppData/Local/UnrealEngine/4.7/DerivedDataCache/Boot.ddc.
[2015.06.28-02.05.39:025][  0]LogDerivedDataCache:Display: Loaded Boot cache: C:/Users/zakkary/AppData/Local/UnrealEngine/4.7/DerivedDataCache/Boot.ddc
[2015.06.28-02.05.39:025][  0]LogDerivedDataCache: FDerivedDataBackendGraph:  Pak pak cache file ../../../../../../Users/zakkary/Documents/Unreal Projects/ProjectX/DerivedDataCache/DDC.ddp not found, will not use a pak cache.
[2015.06.28-02.05.39:025][  0]LogDerivedDataCache: Unable to find inner node Pak for hierarchical cache Hierarchy.
[2015.06.28-02.05.39:135][  0]LogDerivedDataCache:Display: Pak cache opened for reading ../../../Engine/DerivedDataCache/Compressed.ddp.
[2015.06.28-02.05.39:148][  0]LogDerivedDataCache: Using Local data cache path C:/Users/zakkary/AppData/Local/UnrealEngine/Common/DerivedDataCache: Writable
[2015.06.28-02.05.39:490][  0]LogMeshUtilities: No automatic mesh reduction module available
[2015.06.28-02.05.39:490][  0]LogMeshUtilities: No automatic mesh merging module available
[2015.06.28-02.05.39:951][  0]LogInit: WinSock: version 1.1 (2.2), MaxSocks=32767, MaxUdp=65467
[2015.06.28-02.05.40:096][  0]LogSlate:Warning: Failed to load font data from '../../../Engine/Content/Slate/Fonts/Roboto-Italic.ttf'
[2015.06.28-02.05.41:341][  0]UdpMessaging: Initializing bridge on interface 0.0.0.0:0 to multicast group 230.0.0.1:6666.
[2015.06.28-02.05.41:669][  0]SourceControl: Info Source control is disabled
[2015.06.28-02.05.41:669][  0]SourceControl: Info Source control is disabled
[2015.06.28-02.05.41:669][  0]SourceControl: Info Source control is disabled
[2015.06.28-02.05.41:669][  0]LogSourceControl: RunCommandInternalRaw: 'git version'
[2015.06.28-02.05.41:669][  0]LogSourceControl: RunCommandInternalRaw: ExecProcess ReturnCode=2 OutResults=''
[2015.06.28-02.05.41:686][  0]SourceControl: Info Source control is disabled
[2015.06.28-02.05.42:026][  0]LogObj: 24232 objects as part of root set at end of initial load.
[2015.06.28-02.05.42:026][  0]LogUObjectAllocator: 5137176 out of 0 bytes used by permanent object pool.
[2015.06.28-02.05.42:124][  0]LogEngine: Initializing Engine...
[2015.06.28-02.05.44:292][  0]LogInit: XAudio2 using 'Headphones (Realtek High Definition Audio)' : 2 channels at 48 kHz using 32 bits per sample (channel mask 0x3)
[2015.06.28-02.05.44:332][  0]LogInit: FAudioDevice initialized.
[2015.06.28-02.05.44:398][  0]LogAIModule: Creating AISystem for world NewWorld
[2015.06.28-02.05.44:421][  0]LogDerivedDataCache: Saved boot cache 0.02s 39MB C:/Users/zakkary/AppData/Local/UnrealEngine/4.7/DerivedDataCache/Boot.ddc.
[2015.06.28-02.05.44:424][  0]LogInit: Texture streaming: Enabled
[2015.06.28-02.05.44:556][  0]LogAnalytics: Creating configured Analytics provider AnalyticsET
[2015.06.28-02.05.44:556][  0]LogAnalytics: ET APIKey = Rocket.Release. APIServer = http://et2.epicgames.com/ET2/. AppVersion = 4.7.6-2513093+++depot+UE4-Releases+4.7
[2015.06.28-02.05.44:556][  0]LogAnalytics: ET APIKey = Rocket.Release. DataRouterUploadURL = https://datarouter-public-service-gamedev.ol.epicgames.net/datarouter/api/v1/public/data. AppVersion = 4.7.6-2513093+++depot+UE4-Releases+4.7
[2015.06.28-02.05.44:556][  0]LogAnalytics: SetUserId 3fef96e443eca69818e6a6858e3831ff|477cfcebb1e14236b0418c70f5266c5b|ebe119c6-716e-4f8a-b62f-9df334f71ae5
[2015.06.28-02.05.44:556][  0]LogAnalytics: AnalyticsET::StartSession [Rocket.Release]
[2015.06.28-02.05.44:605][  0]LogInit: Transaction tracking system initialized
[2015.06.28-02.05.44:930][  0]BlueprintLog: New page: Editor Load
[2015.06.28-02.05.44:987][  0]LogAssetRegistry: FAssetRegistry took 0.0111 seconds to start up
[2015.06.28-02.05.44:987][  0]LogDirectoryWatcher:Warning: Failed to begin reading directory changes for ../../../Engine/Plugins/Experimental/CharacterAI/Content/. Error: 0
[2015.06.28-02.05.45:719][  0]LogTargetPlatformManager:Display: Building Assets For Windows
[2015.06.28-02.05.46:113][  0]LogTargetPlatformManager:Display: Building Assets For Windows
[2015.06.28-02.05.50:264][  0]LogSlate:Warning: Failed to load font data from '../../../Engine/Content/Editor/Slate/Fonts/Roboto-Regular.ttf'
[2015.06.28-02.05.50:265][  0]LogSlate:Warning: Failed to load font data from '../../../Engine/Content/Editor/Slate/Fonts/Roboto-Bold.ttf'
[2015.06.28-02.05.50:282][  0]LogConsoleResponse:Display: 
[2015.06.28-02.05.50:491][  0]LogCook:Display: Done creating registry. It took  0.00s.
[2015.06.28-02.05.50:788][  0]SourceControl: Info Source control is disabled
[2015.06.28-02.05.50:788][  0]Cmd: MAP LOAD FILE="../../../../../../Users/zakkary/Documents/Unreal Projects/ProjectX/Content/ThirdPersonBP/Maps/ThirdPersonExampleMap.umap" TEMPLATE=0 SHOWPROGRESS=1 FEATURELEVEL=3
[2015.06.28-02.05.50:789][  0]LightingResults: New page: Lighting Build
[2015.06.28-02.05.50:813][  0]MapCheck: New page: Map Check
[2015.06.28-02.05.50:813][  0]LightingResults: New page: Lighting Build
[2015.06.28-02.05.50:827][  0]LogParticles: Destroying 0 GPU particle simulations for FXSystem 0x000000618C81E520
[2015.06.28-02.05.50:838][  0]LogLinker:Warning: Asset '../../../Engine/Content/EngineMeshes/Humanoid.uasset' has been saved with empty engine version. The asset will be loaded but may be incompatible.
[2015.06.28-02.05.54:362][  0]LogEditorServer: Finished looking for orphan Actors (0.000 secs)
[2015.06.28-02.05.55:388][  0]LogAIModule: Creating AISystem for world ThirdPersonExampleMap
[2015.06.28-02.05.55:389][  0]Cmd: MAP CHECKDEP
[2015.06.28-02.05.55:389][  0]MapCheck: New page: ThirdPersonExampleMap - Jun 27, 2015, 6:05:55 PM
[2015.06.28-02.05.55:614][  0]MapCheck: Info Map check complete: 0 Error(s), 0 Warning(s), took 225.231ms to complete.
[2015.06.28-02.05.55:614][  0]LogFileHelpers: Loading map 'ThirdPersonExampleMap' took 4.826
[2015.06.28-02.05.56:093][  0]LogCollectionManager: Loaded 0 collections in 0.002627 seconds
[2015.06.28-02.05.56:107][  0]LogContentBrowser: Native class hierarchy populated in 0.0140 seconds. Added 1696 classes and 261 folders.
[2015.06.28-02.05.56:348][  0]LogContentBrowser: Native class hierarchy updated for 'SceneOutliner' in 0.0051 seconds. Added 1 classes and 2 folders.
[2015.06.28-02.05.56:751][  0]LogCrashTracker: Crashtracker disabled due to settings.
[2015.06.28-02.05.56:753][  0]LogSlate:Warning: Failed to load font data from 'Veranda'
[2015.06.28-02.05.56:758][  0]LogUObjectGlobals:Warning: Failed to find object 'Class None.'
[2015.06.28-02.05.56:789][  0]LogLoad: Full Startup: 23.65 seconds (BP compile: 0.82 seconds)
[2015.06.28-02.05.56:810][  0]LogContentBrowser:Verbose: The content browser source was changed by the sources view to '/Game/ThirdPersonBP'
[2015.06.28-02.05.58:154][  0]LogRenderer:Warning: Reallocating scene render targets to support 1208x576 (Frame:2).
[2015.06.28-02.05.58:635][  3]LogAssetRegistry: Asset discovery search completed in 13.6598 seconds
[2015.06.28-02.07.00:499][547]LogContentBrowser:Verbose: The content browser source was changed by the sources view to '/Game/ThirdPersonBP/Blueprints'
[2015.06.28-02.07.05:891][909]LogRenderer:Warning: Reallocating scene render targets to support 1208x904 (Frame:3665).
[2015.06.28-02.07.19:285][267]LogActorComponent: UnregisterComponent: (/Engine/Transient.CharMoveComp) Not registered. Aborting.
[2015.06.28-02.08.41:906][371]BlueprintLog: New page: Pre-PIE auto-recompile
[2015.06.28-02.08.41:917][371]LogPlayLevel: [PIE] Compiling ThirdPersonCharacter before PIE...
[2015.06.28-02.08.42:134][371]LogPlayLevel: PIE:  Blueprint regeneration took 228 ms (1 blueprints)
[2015.06.28-02.08.42:134][371]PIE: New page: PIE session: ThirdPersonExampleMap (Jun 27, 2015, 6:08:42 PM)
[2015.06.28-02.08.42:156][371]LogPlayLevel: PIE: StaticDuplicateObject took: (0.020725s)
[2015.06.28-02.08.42:156][371]LogPlayLevel: PIE: World Init took: (0.000847s)
[2015.06.28-02.08.42:157][371]LogPlayLevel: PIE: Created PIE world by copying editor world from /Game/ThirdPersonBP/Maps/ThirdPersonExampleMap.ThirdPersonExampleMap to /Game/ThirdPersonBP/Maps/UEDPIE_0_ThirdPersonExampleMap.ThirdPersonExampleMap (0.021856s)
[2015.06.28-02.08.42:215][371]LogWorld: Game class is 'ThirdPersonGameMode_C'
[2015.06.28-02.08.42:217][371]LogAIModule: Creating AISystem for world ThirdPersonExampleMap
[2015.06.28-02.08.42:228][371]LogWorld: Bringing World /Game/ThirdPersonBP/Maps/UEDPIE_0_ThirdPersonExampleMap.ThirdPersonExampleMap up for play (max tick rate 0) at 2015.06.27-22.08.42
[2015.06.28-02.08.42:229][371]LogWorld: Bringing up level for play took: 0.012096
[2015.06.28-02.08.42:247][371]PIE: Info Play in editor start time for /Game/ThirdPersonBP/Maps/UEDPIE_0_ThirdPersonExampleMap 0.953
[2015.06.28-02.09.00:106][463]LogParticles: Destroying 0 GPU particle simulations for FXSystem 0x00000061979A8860
[2015.06.28-02.09.39:983][791]BlueprintLog: New page: Pre-PIE auto-recompile
[2015.06.28-02.09.39:993][791]LogPlayLevel: [PIE] Compiling ThirdPersonCharacter before PIE...
[2015.06.28-02.09.40:223][791]LogPlayLevel: PIE:  Blueprint regeneration took 239 ms (1 blueprints)
[2015.06.28-02.09.40:223][791]PIE: New page: PIE session: ThirdPersonExampleMap (Jun 27, 2015, 6:09:40 PM)
[2015.06.28-02.09.40:243][791]LogPlayLevel: PIE: StaticDuplicateObject took: (0.019844s)
[2015.06.28-02.09.40:244][791]LogPlayLevel: PIE: World Init took: (0.001089s)
[2015.06.28-02.09.40:244][791]LogPlayLevel: PIE: Created PIE world by copying editor world from /Game/ThirdPersonBP/Maps/ThirdPersonExampleMap.ThirdPersonExampleMap to /Game/ThirdPersonBP/Maps/UEDPIE_0_ThirdPersonExampleMap.ThirdPersonExampleMap (0.021240s)
[2015.06.28-02.09.40:286][791]LogWorld: Game class is 'ThirdPersonGameMode_C'
[2015.06.28-02.09.40:289][791]LogAIModule: Creating AISystem for world ThirdPersonExampleMap
[2015.06.28-02.09.40:300][791]LogWorld: Bringing World /Game/ThirdPersonBP/Maps/UEDPIE_0_ThirdPersonExampleMap.ThirdPersonExampleMap up for play (max tick rate 0) at 2015.06.27-22.09.40
[2015.06.28-02.09.40:301][791]LogWorld: Bringing up level for play took: 0.011454
[2015.06.28-02.09.40:313][791]PIE: Info Play in editor start time for /Game/ThirdPersonBP/Maps/UEDPIE_0_ThirdPersonExampleMap 1.018
[2015.06.28-02.10.21:603][478]LogParticles: Destroying 0 GPU particle simulations for FXSystem 0x00000061E3A7D8A0
[2015.06.28-02.15.04:745][183]LogActorComponent: UnregisterComponent: (/Engine/Transient.CharMoveComp) Not registered. Aborting.
[2015.06.28-02.15.04:782][183]LogParticles: Destroying 0 GPU particle simulations for FXSystem 0x00000061E36EBA60
[2015.06.28-02.15.10:523][183]LogSavePackage: Save=5708.755859ms
[2015.06.28-02.15.10:523][183]LogSavePackage: Moving '../../../../../../Users/zakkary/Documents/Unreal Projects/ProjectX/Saved/ThirdPersonExampleMapE001125F43D5136B1AC7558537D17824.tmp' to '../../../../../../Users/zakkary/Documents/Unreal Projects/ProjectX/Content/ThirdPersonBP/Maps/ThirdPersonExampleMap.umap'
[2015.06.28-02.15.12:859][412]LogParticles: Destroying 0 GPU particle simulations for FXSystem 0x00000061D197DB20
[2015.06.28-02.15.15:354][412]LogSavePackage: Save=309.040527ms
[2015.06.28-02.15.15:354][412]LogSavePackage: Moving '../../../../../../Users/zakkary/Documents/Unreal Projects/ProjectX/Saved/ThirdPersonCharacter190BF83A4B3034D3ADD484B2548CDEF9.tmp' to '../../../../../../Users/zakkary/Documents/Unreal Projects/ProjectX/Content/ThirdPersonBP/Blueprints/ThirdPersonCharacter.uasset'
[2015.06.28-02.15.15:818][413]Cmd: QUIT_EDITOR
[2015.06.28-02.15.16:018][413]LogExit: Preparing to exit.
[2015.06.28-02.15.16:944][413]LogExit: Editor shut down
[2015.06.28-02.15.16:945][413]LogExit: Transaction tracking system shut down
[2015.06.28-02.15.16:945][413]LogParticles: Destroying 0 GPU particle simulations for FXSystem 0x0000006193802340
[2015.06.28-02.15.16:946][413]LogParticles: Destroying 0 GPU particle simulations for FXSystem 0x00000061CCBAC0E0
[2015.06.28-02.15.16:946][413]LogParticles: Destroying 0 GPU particle simulations for FXSystem 0x00000061D273A0C0
[2015.06.28-02.15.16:948][413]LogParticles: Destroying 0 GPU particle simulations for FXSystem 0x00000061976884A0
[2015.06.28-02.15.16:948][413]LogParticles: Destroying 0 GPU particle simulations for FXSystem 0x0000006197688B80
[2015.06.28-02.15.17:066][413]LogExit: Object subsystem successfully closed.
[2015.06.28-02.15.17:151][413]LogModuleManager: Shutting down and abandoning module CrashTracker (177)
[2015.06.28-02.15.17:151][413]LogModuleManager: Shutting down and abandoning module SuperSearch (176)
[2015.06.28-02.15.17:151][413]LogModuleManager: Shutting down and abandoning module SceneOutliner (175)
[2015.06.28-02.15.17:151][413]LogModuleManager: Shutting down and abandoning module EditorWidgets (174)
[2015.06.28-02.15.17:151][413]LogModuleManager: Shutting down and abandoning module CollectionManager (173)
[2015.06.28-02.15.17:151][413]LogModuleManager: Shutting down and abandoning module StatsViewer (172)
[2015.06.28-02.15.17:151][413]LogModuleManager: Shutting down and abandoning module FoliageEdit (171)
[2015.06.28-02.15.17:151][413]LogModuleManager: Shutting down and abandoning module LandscapeEditor (170)
[2015.06.28-02.15.17:151][413]LogModuleManager: Shutting down and abandoning module MeshPaint (169)
[2015.06.28-02.15.17:151][413]LogModuleManager: Shutting down and abandoning module ActorPickerMode (168)
[2015.06.28-02.15.17:151][413]LogModuleManager: Shutting down and abandoning module GeometryMode (167)
[2015.06.28-02.15.17:151][413]LogModuleManager: Shutting down and abandoning module TextureAlignMode (166)
[2015.06.28-02.15.17:151][413]LogModuleManager: Shutting down and abandoning module BspMode (165)
[2015.06.28-02.15.17:151][413]LogModuleManager: Shutting down and abandoning module PlacementMode (164)
[2015.06.28-02.15.17:151][413]LogModuleManager: Shutting down and abandoning module AutomationWorker (163)
[2015.06.28-02.15.17:151][413]LogModuleManager: Shutting down and abandoning module CharacterAI (162)
[2015.06.28-02.15.17:151][413]LogModuleManager: Shutting down and abandoning module SmartSnapping (161)
[2015.06.28-02.15.17:151][413]LogModuleManager: Shutting down and abandoning module ViewportSnapping (160)
[2015.06.28-02.15.17:151][413]LogModuleManager: Shutting down and abandoning module LogVisualizer (159)
[2015.06.28-02.15.17:151][413]LogModuleManager: Shutting down and abandoning module GameProjectGeneration (158)
[2015.06.28-02.15.17:151][413]LogModuleManager: Shutting down and abandoning module IntroTutorials (157)
[2015.06.28-02.15.17:151][413]LogModuleManager: Shutting down and abandoning module EditorLiveStreaming (156)
[2015.06.28-02.15.17:151][413]LogModuleManager: Shutting down and abandoning module HardwareTargeting (155)
[2015.06.28-02.15.17:151][413]LogModuleManager: Shutting down and abandoning module DeviceProfileEditor (154)
[2015.06.28-02.15.17:151][413]LogModuleManager: Shutting down and abandoning module UndoHistory (153)
[2015.06.28-02.15.17:151][413]LogModuleManager: Shutting down and abandoning module GameplayTagsEditor (152)
[2015.06.28-02.15.17:151][413]LogModuleManager: Shutting down and abandoning module UserFeedback (151)
[2015.06.28-02.15.17:151][413]LogModuleManager: Shutting down and abandoning module XmlParser (150)
[2015.06.28-02.15.17:151][413]LogModuleManager: Shutting down and abandoning module Blutility (149)
[2015.06.28-02.15.17:151][413]LogModuleManager: Shutting down and abandoning module IOSPlatformEditor (148)
[2015.06.28-02.15.17:151][413]LogModuleManager: Shutting down and abandoning module IOSRuntimeSettings (147)
[2015.06.28-02.15.17:151][413]LogModuleManager: Shutting down and abandoning module AndroidDeviceDetection (146)
[2015.06.28-02.15.17:796][413]LogModuleManager: Shutting down and abandoning module AndroidPlatformEditor (145)
[2015.06.28-02.15.17:796][413]LogModuleManager: Shutting down and abandoning module AndroidRuntimeSettings (144)
[2015.06.28-02.15.17:796][413]LogModuleManager: Shutting down and abandoning module ProjectTargetPlatformEditor (143)
[2015.06.28-02.15.17:796][413]LogModuleManager: Shutting down and abandoning module ProjectSettingsViewer (142)
[2015.06.28-02.15.17:796][413]LogModuleManager: Shutting down and abandoning module InputBindingEditor (141)
[2015.06.28-02.15.17:796][413]LogModuleManager: Shutting down and abandoning module EditorSettingsViewer (140)
[2015.06.28-02.15.17:796][413]LogModuleManager: Shutting down and abandoning module SettingsEditor (139)
[2015.06.28-02.15.17:796][413]LogModuleManager: Shutting down and abandoning module ProjectLauncher (138)
[2015.06.28-02.15.17:796][413]LogModuleManager: Shutting down and abandoning module SessionFrontend (137)
[2015.06.28-02.15.17:796][413]LogModuleManager: Shutting down and abandoning module ProfilerClient (136)
[2015.06.28-02.15.17:796][413]LogModuleManager: Shutting down and abandoning module TargetDeviceServices (135)
[2015.06.28-02.15.17:796][413]LogModuleManager: Shutting down and abandoning module DeviceManager (134)
[2015.06.28-02.15.17:796][413]LogModuleManager: Shutting down and abandoning module AutomationController (133)
[2015.06.28-02.15.17:796][413]LogModuleManager: Shutting down and abandoning module AutomationWindow (132)
[2015.06.28-02.15.17:796][413]LogModuleManager: Shutting down and abandoning module Layers (131)
[2015.06.28-02.15.17:796][413]LogModuleManager: Shutting down and abandoning module ComponentVisualizers (130)
[2015.06.28-02.15.17:796][413]LogModuleManager: Shutting down and abandoning module DetailCustomizations (129)
[2015.06.28-02.15.17:796][413]LogModuleManager: Shutting down and abandoning module PackagesDialog (128)
[2015.06.28-02.15.17:796][413]LogModuleManager: Shutting down and abandoning module AssetRegistry (127)
[2015.06.28-02.15.17:876][413]LogModuleManager: Shutting down and abandoning module Persona (126)
[2015.06.28-02.15.17:876][413]LogModuleManager: Shutting down and abandoning module SlateReflector (125)
[2015.06.28-02.15.17:876][413]LogModuleManager: Shutting down and abandoning module LevelEditor (124)
[2015.06.28-02.15.17:877][413]LogModuleManager: Shutting down and abandoning module Kismet (123)
[2015.06.28-02.15.17:877][413]LogModuleManager: Shutting down and abandoning module GraphEditor (122)
[2015.06.28-02.15.17:877][413]LogModuleManager: Shutting down and abandoning module ClassViewer (121)
[2015.06.28-02.15.17:877][413]LogModuleManager: Shutting down and abandoning module Toolbox (120)
[2015.06.28-02.15.17:877][413]LogModuleManager: Shutting down and abandoning module ModuleUI (119)
[2015.06.28-02.15.17:877][413]LogModuleManager: Shutting down and abandoning module MovieSceneTools (118)
[2015.06.28-02.15.17:877][413]LogModuleManager: Shutting down and abandoning module OutputLog (117)
[2015.06.28-02.15.17:877][413]LogModuleManager: Shutting down and abandoning module GammaUI (116)
[2015.06.28-02.15.17:877][413]LogModuleManager: Shutting down and abandoning module Documentation (115)
[2015.06.28-02.15.17:877][413]LogModuleManager: Shutting down and abandoning module GameLiveStreaming (114)
[2015.06.28-02.15.17:877][413]LogModuleManager: Shutting down and abandoning module StreamingPauseRendering (113)
[2015.06.28-02.15.17:877][413]LogModuleManager: Shutting down and abandoning module HTTP (112)
[2015.06.28-02.15.17:878][413]LogModuleManager: Shutting down and abandoning module AnalyticsET (111)
[2015.06.28-02.15.17:878][413]LogModuleManager: Shutting down and abandoning module Analytics (110)
[2015.06.28-02.15.17:878][413]LogModuleManager: Shutting down and abandoning module AITestSuite (109)
[2015.06.28-02.15.17:878][413]LogModuleManager: Shutting down and abandoning module GameplayDebugger (108)
[2015.06.28-02.15.17:878][413]LogModuleManager: Shutting down and abandoning module AIModule (107)
[2015.06.28-02.15.17:878][413]LogModuleManager: Shutting down and abandoning module ProfilerService (106)
[2015.06.28-02.15.17:887][413]LogModuleManager: Shutting down and abandoning module TaskGraph (105)
[2015.06.28-02.15.17:887][413]LogModuleManager: Shutting down and abandoning module SlateRemote (104)
[2015.06.28-02.15.17:887][413]LogModuleManager: Shutting down and abandoning module ScriptEditorPlugin (103)
[2015.06.28-02.15.17:887][413]LogModuleManager: Shutting down and abandoning module CustomMeshComponent (102)
[2015.06.28-02.15.17:887][413]LogModuleManager: Shutting down and abandoning module CableComponent (101)
[2015.06.28-02.15.17:887][413]LogModuleManager: Shutting down and abandoning module MessagingDebugger (100)
[2015.06.28-02.15.17:887][413]LogModuleManager: Shutting down and abandoning module MediaPlayerEditor (99)
[2015.06.28-02.15.17:887][413]LogModuleManager: Shutting down and abandoning module SpeedTreeImporter (98)
[2015.06.28-02.15.17:887][413]LogModuleManager: Shutting down and abandoning module PluginsEditor (97)
[2015.06.28-02.15.17:887][413]LogModuleManager: Shutting down and abandoning module MainFrame (96)
[2015.06.28-02.15.17:887][413]LogModuleManager: Shutting down and abandoning module EpicSurvey (95)
[2015.06.28-02.15.17:887][413]LogModuleManager: Shutting down and abandoning module DesktopPlatform (94)
[2015.06.28-02.15.17:887][413]LogModuleManager: Shutting down and abandoning module DirectoryWatcher (93)
[2015.06.28-02.15.17:887][413]LogModuleManager: Shutting down and abandoning module HotReload (92)
[2015.06.28-02.15.17:887][413]LogModuleManager: Shutting down and abandoning module VisualStudioSourceCodeAccess (91)
[2015.06.28-02.15.17:887][413]LogModuleManager: Shutting down and abandoning module UObjectPlugin (90)
[2015.06.28-02.15.17:887][413]LogModuleManager: Shutting down and abandoning module SubversionSourceControl (89)
[2015.06.28-02.15.17:887][413]LogModuleManager: Shutting down and abandoning module PerforceSourceControl (88)
[2015.06.28-02.15.17:887][413]LogModuleManager: Shutting down and abandoning module SourceControl (87)
[2015.06.28-02.15.17:887][413]LogModuleManager: Shutting down and abandoning module GitSourceControl (86)
[2015.06.28-02.15.17:887][413]LogModuleManager: Shutting down and abandoning module BlankPlugin (85)
[2015.06.28-02.15.17:887][413]LogModuleManager: Shutting down and abandoning module PaperTiledImporter (84)
[2015.06.28-02.15.17:887][413]LogModuleManager: Shutting down and abandoning module PaperJsonImporter (83)
[2015.06.28-02.15.17:887][413]LogModuleManager: Shutting down and abandoning module ContentBrowser (82)
[2015.06.28-02.15.17:888][413]LogModuleManager: Shutting down and abandoning module Paper2DEditor (81)
[2015.06.28-02.15.17:888][413]LogModuleManager: Shutting down and abandoning module ScriptPlugin (80)
[2015.06.28-02.15.17:888][413]LogModuleManager: Shutting down and abandoning module UdpMessaging (79)
[2015.06.28-02.15.17:989][413]LogModuleManager: Shutting down and abandoning module Paper2D (78)
[2015.06.28-02.15.17:989][413]LogModuleManager: Shutting down and abandoning module WindowsMoviePlayer (77)
[2015.06.28-02.15.17:991][413]LogModuleManager: Shutting down and abandoning module Media (76)
[2015.06.28-02.15.17:991][413]LogModuleManager: Shutting down and abandoning module WmfMedia (75)
[2015.06.28-02.15.17:991][413]LogModuleManager: Shutting down and abandoning module OnlineBlueprintSupport (74)
[2015.06.28-02.15.17:991][413]LogModuleManager: Shutting down and abandoning module PropertyEditor (73)
[2015.06.28-02.15.17:991][413]LogModuleManager: Shutting down and abandoning module BehaviorTreeEditor (72)
[2015.06.28-02.15.17:991][413]LogModuleManager: Shutting down and abandoning module FunctionalTesting (71)
[2015.06.28-02.15.17:991][413]LogModuleManager: Shutting down and abandoning module CollisionAnalyzer (70)
[2015.06.28-02.15.17:991][413]LogModuleManager: Shutting down and abandoning module WorkspaceMenuStructure (69)
[2015.06.28-02.15.17:991][413]LogModuleManager: Shutting down and abandoning module MessageLog (68)
[2015.06.28-02.15.17:991][413]LogModuleManager: Shutting down and abandoning module Sequencer (67)
[2015.06.28-02.15.17:991][413]LogModuleManager: Shutting down and abandoning module AssetTools (66)
[2015.06.28-02.15.17:991][413]LogModuleManager: Shutting down and abandoning module UMGEditor (65)
[2015.06.28-02.15.17:991][413]LogModuleManager: Shutting down and abandoning module UMG (64)
[2015.06.28-02.15.17:991][413]LogModuleManager: Shutting down and abandoning module Slate (63)
[2015.06.28-02.15.17:991][413]LogModuleManager: Shutting down and abandoning module EditorStyle (62)
[2015.06.28-02.15.17:998][413]LogModuleManager: Shutting down and abandoning module SessionServices (61)
[2015.06.28-02.15.17:998][413]LogModuleManager: Shutting down and abandoning module SourceCodeAccess (60)
[2015.06.28-02.15.17:998][413]LogModuleManager: Shutting down and abandoning module HeadMountedDisplay (59)
[2015.06.28-02.15.17:998][413]LogModuleManager: Shutting down and abandoning module XAudio2 (58)
[2015.06.28-02.15.17:998][413]LogModuleManager: Shutting down and abandoning module Networking (56)
[2015.06.28-02.15.17:998][413]LogModuleManager: Shutting down and abandoning module Core (55)
[2015.06.28-02.15.17:998][413]LogModuleManager: Shutting down and abandoning module KismetCompiler (54)
[2015.06.28-02.15.17:998][413]LogModuleManager: Shutting down and abandoning module PhysXFormats (53)
[2015.06.28-02.15.17:998][413]LogModuleManager: Shutting down and abandoning module MeshUtilities (52)
[2015.06.28-02.15.17:998][413]LogModuleManager: Shutting down and abandoning module DerivedDataCache (51)
[2015.06.28-02.15.18:016][413]LogDerivedDataCache: Shutdown
[2015.06.28-02.15.18:016][413]LogModuleManager: Shutting down and abandoning module ShaderFormatOpenGL (50)
[2015.06.28-02.15.18:016][413]LogModuleManager: Shutting down and abandoning module ShaderFormatD3D (49)
[2015.06.28-02.15.18:016][413]LogModuleManager: Shutting down and abandoning module MetalShaderFormat (48)
[2015.06.28-02.15.18:016][413]LogModuleManager: Shutting down and abandoning module TextureFormatUncompressed (47)
[2015.06.28-02.15.18:016][413]LogModuleManager: Shutting down and abandoning module TextureFormatPVR (46)
[2015.06.28-02.15.18:016][413]LogModuleManager: Shutting down and abandoning module TextureFormatIntelISPCTexComp (45)
[2015.06.28-02.15.18:016][413]LogModuleManager: Shutting down and abandoning module TextureFormatDXT (44)
[2015.06.28-02.15.18:016][413]LogModuleManager: Shutting down and abandoning module ImageWrapper (43)
[2015.06.28-02.15.18:016][413]LogModuleManager: Shutting down and abandoning module TextureFormatASTC (42)
[2015.06.28-02.15.18:016][413]LogModuleManager: Shutting down and abandoning module TextureFormatAndroid (41)
[2015.06.28-02.15.18:016][413]LogModuleManager: Shutting down and abandoning module AudioFormatOpus (40)
[2015.06.28-02.15.18:016][413]LogModuleManager: Shutting down and abandoning module AudioFormatOgg (39)
[2015.06.28-02.15.18:016][413]LogModuleManager: Shutting down and abandoning module AudioFormatADPCM (38)
[2015.06.28-02.15.18:016][413]LogModuleManager: Shutting down and abandoning module LinuxTargetPlatform (37)
[2015.06.28-02.15.18:016][413]LogModuleManager: Shutting down and abandoning module LinuxServerTargetPlatform (36)
[2015.06.28-02.15.18:016][413]LogModuleManager: Shutting down and abandoning module LinuxNoEditorTargetPlatform (35)
[2015.06.28-02.15.18:016][413]LogModuleManager: Shutting down and abandoning module Messaging (34)
[2015.06.28-02.15.18:016][413]LogModuleManager: Shutting down and abandoning module IOSTargetPlatform (33)
[2015.06.28-02.15.18:016][413]LogModuleManager: Shutting down and abandoning module HTML5TargetPlatform (32)
[2015.06.28-02.15.18:016][413]LogModuleManager: Shutting down and abandoning module Android_PVRTCTargetPlatform (31)
[2015.06.28-02.15.18:016][413]LogModuleManager: Shutting down and abandoning module Android_ETC2TargetPlatform (30)
[2015.06.28-02.15.18:016][413]LogModuleManager: Shutting down and abandoning module Android_ETC1TargetPlatform (29)
[2015.06.28-02.15.18:016][413]LogModuleManager: Shutting down and abandoning module Android_ES31TargetPlatform (28)
[2015.06.28-02.15.18:016][413]LogModuleManager: Shutting down and abandoning module Android_DXTTargetPlatform (27)
[2015.06.28-02.15.18:016][413]LogModuleManager: Shutting down and abandoning module Android_ATCTargetPlatform (26)
[2015.06.28-02.15.18:016][413]LogModuleManager: Shutting down and abandoning module AndroidTargetPlatform (25)
[2015.06.28-02.15.18:016][413]LogModuleManager: Shutting down and abandoning module WindowsTargetPlatform (24)
[2015.06.28-02.15.18:016][413]LogModuleManager: Shutting down and abandoning module WindowsServerTargetPlatform (23)
[2015.06.28-02.15.18:016][413]LogModuleManager: Shutting down and abandoning module WindowsNoEditorTargetPlatform (22)
[2015.06.28-02.15.18:016][413]LogModuleManager: Shutting down and abandoning module WindowsClientTargetPlatform (21)
[2015.06.28-02.15.18:016][413]LogModuleManager: Shutting down and abandoning module TargetPlatform (20)
[2015.06.28-02.15.18:016][413]LogModuleManager: Shutting down and abandoning module InputCore (19)
[2015.06.28-02.15.18:016][413]LogModuleManager: Shutting down and abandoning module Settings (18)
[2015.06.28-02.15.18:016][413]LogModuleManager: Shutting down and abandoning module OnlineSubsystem (16)
[2015.06.28-02.15.18:016][413]LogModuleManager: Shutting down and abandoning module OculusRift (15)
[2015.06.28-02.15.18:016][413]LogModuleManager: Shutting down and abandoning module ExampleDeviceProfileSelector (14)
[2015.06.28-02.15.18:016][413]LogModuleManager: Shutting down and abandoning module TextureCompressor (13)
[2015.06.28-02.15.18:016][413]LogModuleManager: Shutting down and abandoning module ShaderCore (12)
[2015.06.28-02.15.18:016][413]LogModuleManager: Shutting down and abandoning module Landscape (11)
[2015.06.28-02.15.18:016][413]LogModuleManager: Shutting down and abandoning module SlateRHIRenderer (10)
[2015.06.28-02.15.18:018][413]LogModuleManager: Shutting down and abandoning module OpenGLDrv (9)
[2015.06.28-02.15.18:018][413]LogModuleManager: Shutting down and abandoning module D3D11RHI (8)
[2015.06.28-02.15.18:018][413]LogModuleManager: Shutting down and abandoning module Renderer (7)
[2015.06.28-02.15.18:018][413]LogModuleManager: Shutting down and abandoning module Engine (6)
[2015.06.28-02.15.18:018][413]LogModuleManager: Shutting down and abandoning module CoreUObject (5)
[2015.06.28-02.15.18:018][413]LogModuleManager: Shutting down and abandoning module NetworkFile (4)
[2015.06.28-02.15.18:018][413]LogModuleManager: Shutting down and abandoning module StreamingFile (3)
[2015.06.28-02.15.18:018][413]LogModuleManager: Shutting down and abandoning module SandboxFile (2)
[2015.06.28-02.15.18:018][413]LogModuleManager: Shutting down and abandoning module PakFile (1)
[2015.06.28-02.15.18:019][413]LogExit: Exiting.
[2015.06.28-02.15.18:038][413]Log file closed, 06/27/15 22:15:18
