[2015.07.01-20.39.47:698][  0]Log file open, 07/01/15 16:39:47
[2015.07.01-20.39.47:698][  0]LogInit:Display: Running engine for game: ProjectX
[2015.07.01-20.39.47:698][  0]LogInit:Display: RandInit(-515121889) SRandInit(-515121889).
[2015.07.01-20.39.47:698][  0]LogTaskGraph: Started task graph with 4 named threads and 5 total threads.
[2015.07.01-20.39.47:698][  0]LogStats: Stats thread started
[2015.07.01-20.39.47:698][  0]LogInit: Version: 4.8.1-2591939+++depot+UE4-Releases+4.8
[2015.07.01-20.39.47:698][  0]LogInit: API Version: 2579680
[2015.07.01-20.39.47:698][  0]LogInit: Compiled (64-bit): Jun 18 2015 11:02:04
[2015.07.01-20.39.47:698][  0]LogInit: Compiled with Visual C++: 18.00.21005.01
[2015.07.01-20.39.47:698][  0]LogInit: Build Configuration: Development
[2015.07.01-20.39.47:698][  0]LogInit: Branch Name: ++depot+UE4-Releases+4.8
[2015.07.01-20.39.47:698][  0]LogInit: Command line: 
[2015.07.01-20.39.47:698][  0]LogInit: Base directory: C:/Program Files/Epic Games/4.8/Engine/Binaries/Win64/
[2015.07.01-20.39.47:698][  0]LogInit: Rocket: 1
[2015.07.01-20.39.47:735][  0]LogInit: Using libcurl 7.41.0
[2015.07.01-20.39.47:735][  0]LogInit:  - built for x86_64-pc-win32
[2015.07.01-20.39.47:735][  0]LogInit:  - supports SSL with WinSSL
[2015.07.01-20.39.47:735][  0]LogInit:  - other features:
[2015.07.01-20.39.47:735][  0]LogInit:      CURL_VERSION_SSL
[2015.07.01-20.39.47:735][  0]LogInit:      CURL_VERSION_IPV6
[2015.07.01-20.39.47:735][  0]LogInit:      CURL_VERSION_ASYNCHDNS
[2015.07.01-20.39.47:735][  0]LogInit:      CURL_VERSION_LARGEFILE
[2015.07.01-20.39.47:735][  0]LogInit:      CURL_VERSION_IDN
[2015.07.01-20.39.47:735][  0]LogInit:  CurlRequestOptions (configurable via config and command line):
[2015.07.01-20.39.47:735][  0]LogInit:  - bVerifyPeer = true  - Libcurl will verify peer certificate
[2015.07.01-20.39.47:735][  0]LogInit:  - bUseHttpProxy = false  - Libcurl will NOT use HTTP proxy
[2015.07.01-20.39.47:735][  0]LogInit:  - bDontReuseConnections = false  - Libcurl will reuse connections
[2015.07.01-20.39.47:735][  0]LogInit:  - CertBundlePath = nullptr  - Libcurl will use whatever was configured at build time.
[2015.07.01-20.39.47:771][  0]LogOnline:Warning: No default platform service specified for OnlineSubsystem
[2015.07.01-20.39.47:810][  0]LogInit: Presizing for 0 objects not considered by GC, pre-allocating 0 bytes.
[2015.07.01-20.39.47:820][  0]LogInit: Object subsystem initialized
[2015.07.01-20.39.47:821][  0]LogConsoleResponse:Warning: Skipping Unknown console variable: 'TranslucentSortAxis = (X=0.000000,Y=-1.000000,Z=0.000000)'
[2015.07.01-20.39.47:821][  0]LogConsoleResponse:Warning:   Found in ini file 'C:/Users/zakkary/Documents/GitHub/Project-X/ProjectX 4.8/Saved/Config/Windows/Engine.ini', in section '[/Script/Engine.RendererSettings]'
[2015.07.01-20.39.47:821][  0]LogConsoleResponse:Warning: Skipping Unknown console variable: 'UIScaleRule = ShortestSide'
[2015.07.01-20.39.47:821][  0]LogConsoleResponse:Warning:   Found in ini file 'C:/Users/zakkary/Documents/GitHub/Project-X/ProjectX 4.8/Saved/Config/Windows/Engine.ini', in section '[/Script/Engine.RendererSettings]'
[2015.07.01-20.39.47:821][  0]LogConsoleResponse:Warning: Skipping Unknown console variable: 'UIScaleCurve = (EditorCurveData=(Keys=),ExternalCurve=None)'
[2015.07.01-20.39.47:821][  0]LogConsoleResponse:Warning:   Found in ini file 'C:/Users/zakkary/Documents/GitHub/Project-X/ProjectX 4.8/Saved/Config/Windows/Engine.ini', in section '[/Script/Engine.RendererSettings]'
[2015.07.01-20.39.47:826][  0]LogInit: Selected Device Profile: [Windows]
[2015.07.01-20.39.47:826][  0]LogInit: Applying CVar settings loaded from the selected device profile: [Windows]
[2015.07.01-20.39.47:840][  0]LogInit: Computer: WINDOWS-EEDAQGF
[2015.07.01-20.39.47:840][  0]LogInit: User: zakkary
[2015.07.01-20.39.47:840][  0]LogInit: CPU Page size=4096, Cores=2
[2015.07.01-20.39.47:840][  0]LogInit: High frequency timer resolution =3.417979 MHz
[2015.07.01-20.39.47:840][  0]LogMemory: Memory total: Physical=5.9GB (6GB approx)
[2015.07.01-20.39.47:840][  0]LogMemory: Platform Memory Stats for Windows
[2015.07.01-20.39.47:840][  0]LogMemory: Process Physical Memory: 47.47 MB used, 47.47 MB peak
[2015.07.01-20.39.47:840][  0]LogMemory: Process Virtual Memory: 20.36 MB used, 20.36 MB peak
[2015.07.01-20.39.47:840][  0]LogMemory: Physical Memory: 3331.65 MB used, 6058.93 MB total
[2015.07.01-20.39.47:840][  0]LogMemory: Virtual Memory: 290.84 MB used, 134217728.00 MB total
[2015.07.01-20.39.47:929][  0]LogTextLocalizationManager: The requested culture ('en_US') has no localization data; parent culture's ('en') localization data will be used.
[2015.07.01-20.39.48:201][  0]LogTextLocalizationManager:Warning: Loaded localization resources contain conflicting entries for (Namespace:ContentBrowser, Key:ImportAssetToolTip):
Localization Resource: (C:/Program Files/Epic Games/4.8/Engine/Content/Localization/Editor/en/Editor.locres) Source String Hash: (-630476809) Localized String: (Import to {0}...)
Localization Resource: (C:/Program Files/Epic Games/4.8/Engine/Content/Localization/Editor/en/Editor.locres) Source String Hash: (1271782899) Localized String: (Imports an asset from file to this folder.)
[2015.07.01-20.39.48:825][  0]LogD3D11RHI: Found D3D11 adapter 0: NVIDIA GeForce GTX 745 (Feature Level 11_0)
[2015.07.01-20.39.48:825][  0]LogD3D11RHI: Adapter has 4023MB of dedicated video memory, 0MB of dedicated system memory, and 3029MB of shared system memory, 2 output[s]
[2015.07.01-20.39.48:835][  0]LogD3D11RHI: Found D3D11 adapter 1: Intel(R) HD Graphics 4400 (Feature Level 11_0)
[2015.07.01-20.39.48:835][  0]LogD3D11RHI: Adapter has 0MB of dedicated video memory, 0MB of dedicated system memory, and 1792MB of shared system memory, 0 output[s]
[2015.07.01-20.39.48:837][  0]LogD3D11RHI: Found D3D11 adapter 2: Microsoft Basic Render Driver (Feature Level 11_0)
[2015.07.01-20.39.48:837][  0]LogD3D11RHI: Adapter has 0MB of dedicated video memory, 0MB of dedicated system memory, and 256MB of shared system memory, 0 output[s]
[2015.07.01-20.39.48:837][  0]LogD3D11RHI: Chosen D3D11 Adapter Id = 0
[2015.07.01-20.39.48:842][  0]LogRHI: Texture pool is 1361 MB (70% of 1945 MB)
[2015.07.01-20.39.48:861][  0]LogD3D11RHI: Async texture creation enabled
[2015.07.01-20.39.48:878][  0]LogShaderCompilers:Display: Using Local Shader Compiler.
[2015.07.01-20.39.50:180][  0]LogTemp:Display: Loaded TP DesktopTargetPlatform
[2015.07.01-20.39.50:221][  0]LogTemp:Display: Loaded TP WindowsClientTargetPlatform
[2015.07.01-20.39.50:262][  0]LogTemp:Display: Loaded TP WindowsNoEditorTargetPlatform
[2015.07.01-20.39.50:303][  0]LogTemp:Display: Loaded TP WindowsServerTargetPlatform
[2015.07.01-20.39.50:344][  0]LogTemp:Display: Loaded TP WindowsTargetPlatform
[2015.07.01-20.39.50:383][  0]LogTemp:Display: Loaded TP AndroidTargetPlatform
[2015.07.01-20.39.50:420][  0]LogTemp:Display: Loaded TP Android_ASTCTargetPlatform
[2015.07.01-20.39.50:457][  0]LogTemp:Display: Loaded TP Android_ATCTargetPlatform
[2015.07.01-20.39.50:495][  0]LogTemp:Display: Loaded TP Android_DXTTargetPlatform
[2015.07.01-20.39.50:532][  0]LogTemp:Display: Loaded TP Android_ETC1TargetPlatform
[2015.07.01-20.39.50:569][  0]LogTemp:Display: Loaded TP Android_ETC2TargetPlatform
[2015.07.01-20.39.50:607][  0]LogTemp:Display: Loaded TP Android_PVRTCTargetPlatform
[2015.07.01-20.39.50:728][  0]LogTemp:Display: Loaded TP IOSTargetPlatform
[2015.07.01-20.39.50:764][  0]LogTemp:Display: Loaded TP LinuxNoEditorTargetPlatform
[2015.07.01-20.39.50:800][  0]LogTemp:Display: Loaded TP LinuxServerTargetPlatform
[2015.07.01-20.39.50:840][  0]LogTemp:Display: Loaded TP LinuxTargetPlatform
[2015.07.01-20.39.50:840][  0]LogTargetPlatformManager:Display: Building Assets For Windows
[2015.07.01-20.39.51:466][  0]LogDerivedDataCache:Display: Max Cache Size: 512 MB
[2015.07.01-20.39.51:540][  0]LogDerivedDataCache: Loaded boot cache 0.07s 53MB C:/Users/zakkary/AppData/Local/UnrealEngine/4.8/DerivedDataCache/Boot.ddc.
[2015.07.01-20.39.51:540][  0]LogDerivedDataCache:Display: Loaded Boot cache: C:/Users/zakkary/AppData/Local/UnrealEngine/4.8/DerivedDataCache/Boot.ddc
[2015.07.01-20.39.51:540][  0]LogDerivedDataCache: FDerivedDataBackendGraph:  Pak pak cache file ../../../../../../Users/zakkary/Documents/GitHub/Project-X/ProjectX 4.8/DerivedDataCache/DDC.ddp not found, will not use a pak cache.
[2015.07.01-20.39.51:540][  0]LogDerivedDataCache: Unable to find inner node Pak for hierarchical cache Hierarchy.
[2015.07.01-20.39.51:540][  0]LogDerivedDataCache: FDerivedDataBackendGraph:  CompressedPak pak cache file ../../../../../../Users/zakkary/Documents/GitHub/Project-X/ProjectX 4.8/DerivedDataCache/Compressed.ddp not found, will not use a pak cache.
[2015.07.01-20.39.51:540][  0]LogDerivedDataCache: Unable to find inner node CompressedPak for hierarchical cache Hierarchy.
[2015.07.01-20.39.51:741][  0]LogDerivedDataCache:Display: Pak cache opened for reading ../../../Engine/DerivedDataCache/Compressed.ddp.
[2015.07.01-20.39.51:759][  0]LogDerivedDataCache: Using Local data cache path C:/Users/zakkary/AppData/Local/UnrealEngine/Common/DerivedDataCache: Writable
[2015.07.01-20.39.52:976][  0]LogInit: Selected Device Profile: [Windows]
[2015.07.01-20.39.53:028][  0]LogMaterial: Missing cached shader map for material WorldGridMaterial, compiling. Is special engine material.
[2015.07.01-21.02.34:203][  0]ImportText (ComponentSweepMultiTests): Missing closing parenthesis: (RootShapeAsset="/Engine/BasicShapes/Cube.Cube",ShapeType="TriggerCapsule",HitResult=(Time=0.50,Location=(X=-100.000015,Y=0.0,Z=100.000015),ImpactPoint=(X=-50.0,Y=0.0,Z=50.0),Normal=(X=-1.0,Y=-0.0,Z=0.0),ImpactNormal=(X=0.0,Y=0.0,Z=1.0),TraceStart=(X=-200.0,Y=0.0,Z=200.0),TraceEnd=(X=0.0,Y=0.0,Z=0.0))
[2015.07.01-21.02.34:203][  0]ImportText (LineTraceSingleByChannelTests): Missing closing parenthesis: (RootShapeAsset="/Engine/BasicShapes/Cube.Cube",HitResult=(Time=0.50,Location=(X=-100.000015,Y=0.0,Z=100.000015),ImpactPoint=(X=-50.0,Y=0.0,Z=50.0),Normal=(X=-1.0,Y=-0.0,Z=0.0),ImpactNormal=(X=0.0,Y=0.0,Z=1.0),TraceStart=(X=-200.0,Y=0.0,Z=200.0),TraceEnd=(X=0.0,Y=0.0,Z=0.0))
[2015.07.01-21.02.34:257][  0]LogMeshUtilities: No automatic mesh reduction module available
[2015.07.01-21.02.34:257][  0]LogMeshUtilities: No automatic mesh merging module available
[2015.07.01-21.02.34:671][  0]LogInit: WinSock: version 1.1 (2.2), MaxSocks=32767, MaxUdp=65467
[2015.07.01-21.02.36:328][  0]UdpMessaging: Initializing bridge on interface 0.0.0.0:0 to multicast group 230.0.0.1:6666.
[2015.07.01-21.02.36:949][  0]SourceControl: Info Source control is disabled
[2015.07.01-21.02.37:070][  0]SourceControl: Info Source control is disabled
[2015.07.01-21.02.37:104][  0]SourceControl: Info Source control is disabled
[2015.07.01-21.02.37:135][  0]SourceControl: Info Source control is disabled
[2015.07.01-21.02.37:615][  0]LogObj: 26273 objects as part of root set at end of initial load.
[2015.07.01-21.02.37:615][  0]LogUObjectAllocator: 5409256 out of 0 bytes used by permanent object pool.
[2015.07.01-21.02.37:721][  0]LogEngine: Initializing Engine...
[2015.07.01-21.02.37:732][  0]LogHMD: Can't find Oculus library dev build: is proper Runtime installed? Version: 0.6.0.0
[2015.07.01-21.02.37:776][  0]LogHMD:Warning: SteamVR failed to initialize.  Error: 108
[2015.07.01-21.02.37:833][  0]LogMaterial: Missing cached shader map for material ShadedLevelColorationLitMaterial, compiling. Is special engine material.
[2015.07.01-21.02.37:983][  0]LogMaterial: Missing cached shader map for material ShadedLevelColorationUnlitMateri, compiling. Is special engine material.
[2015.07.01-21.02.38:042][  0]LogMaterial: Missing cached shader map for material VertexColorMaterial, compiling. 
[2015.07.01-21.02.38:064][  0]LogMaterial: Missing cached shader map for material VertexColorViewMode_ColorOnly, compiling. 
[2015.07.01-21.02.38:072][  0]LogMaterial: Missing cached shader map for material VertexColorViewMode_AlphaAsColor, compiling. 
[2015.07.01-21.02.38:080][  0]LogMaterial: Missing cached shader map for material VertexColorViewMode_RedOnly, compiling. 
[2015.07.01-21.02.38:089][  0]LogMaterial: Missing cached shader map for material VertexColorViewMode_GreenOnly, compiling. 
[2015.07.01-21.02.38:098][  0]LogMaterial: Missing cached shader map for material VertexColorViewMode_BlueOnly, compiling. 
[2015.07.01-21.02.38:105][  0]LogMaterial: Missing cached shader map for material RemoveSurfaceMaterial, compiling. 
[2015.07.01-21.02.38:111][  0]LogMaterial: Missing cached shader map for material DebugMeshMaterial, compiling. 
[2015.07.01-21.02.38:127][  0]LogMaterial: Missing cached shader map for material M_InvalidLightmapSettings, compiling. 
[2015.07.01-21.02.38:140][  0]LogMaterial: Missing cached shader map for material GizmoMaterial, compiling. 
[2015.07.01-21.02.38:148][  0]LogMaterial: Missing cached shader map for material GeomMaterial, compiling. 
[2015.07.01-21.02.38:155][  0]LogMaterial: Missing cached shader map for material EditorBrushMaterial, compiling. 
[2015.07.01-21.02.38:165][  0]LogMaterial: Missing cached shader map for material BoneWeightMaterial, compiling. 
[2015.07.01-21.02.38:212][  0]LogMaterial: Missing cached shader map for material PreviewShadowIndicatorMaterial, compiling. 
[2015.07.01-21.02.38:225][  0]LogMaterial: Missing cached shader map for material PhAT_JointLimitMaterial, compiling. 
[2015.07.01-21.02.38:379][  0]LogAIModule: Creating AISystem for world NewWorld
[2015.07.01-21.02.38:387][  0]LogInit: XAudio2 using 'Headphones (Realtek High Definition Audio)' : 2 channels at 48 kHz using 32 bits per sample (channel mask 0x3)
[2015.07.01-21.02.38:443][  0]LogInit: FAudioDevice initialized.
[2015.07.01-21.02.38:481][  0]LogDerivedDataCache: Saved boot cache 0.04s 65MB C:/Users/zakkary/AppData/Local/UnrealEngine/4.8/DerivedDataCache/Boot.ddc.
[2015.07.01-21.02.38:488][  0]LogInit: Texture streaming: Disabled
[2015.07.01-21.02.38:571][  0]LogAnalytics: Creating configured Analytics provider AnalyticsET
[2015.07.01-21.02.38:571][  0]LogAnalytics: [UEEditor.Rocket.Release] APIServer = http://et2.epicgames.com/ET2/. AppVersion = 4.8.1-2591939+++depot+UE4-Releases+4.8
[2015.07.01-21.02.38:571][  0]LogAnalytics: [UEEditor.Rocket.Release] SetUserId 3fef96e443eca69818e6a6858e3831ff|477cfcebb1e14236b0418c70f5266c5b|ebe119c6-716e-4f8a-b62f-9df334f71ae5
[2015.07.01-21.02.38:572][  0]LogAnalytics: [UEEditor.Rocket.Release] AnalyticsET::StartSession
[2015.07.01-21.02.38:679][  0]LogInit: Transaction tracking system initialized
[2015.07.01-21.02.39:100][  0]BlueprintLog: New page: Editor Load
[2015.07.01-21.02.39:188][  0]LogAssetRegistry: FAssetRegistry took 0.0106 seconds to start up
[2015.07.01-21.02.39:189][  0]LogDirectoryWatcher:Warning: Failed to begin reading directory changes for ../../../Engine/Plugins/Experimental/CharacterAI/Content/. Error: 0
[2015.07.01-21.02.41:419][  0]LogConsoleManager:Warning: Console variable 'r.VSync' wasn't set ('GameSetting' has a lower priority than 'SystemSettingsIni')
[2015.07.01-21.02.41:421][  0]LogConsoleResponse:Display: 
[2015.07.01-21.02.41:467][  0]LogMaterial: Missing cached shader map for material Cross_Mat, compiling. 
[2015.07.01-21.02.41:477][  0]LogMaterial: Missing cached shader map for material PhAT_BoneSelectedMaterial, compiling. 
[2015.07.01-21.02.41:483][  0]LogMaterial: Missing cached shader map for material PhAT_ElemSelectedMaterial, compiling. 
[2015.07.01-21.02.41:490][  0]LogMaterial: Missing cached shader map for material PhAT_NoCollisionMaterial, compiling. 
[2015.07.01-21.02.41:497][  0]LogMaterial: Missing cached shader map for material PhAT_UnselectedMaterial, compiling. 
[2015.07.01-21.02.41:507][  0]LogMaterial: Missing cached shader map for material Tick_Mat, compiling. 
[2015.07.01-21.02.41:517][  0]LogMaterial: Missing cached shader map for material WidgetGridVertexColorMaterial_Ma, compiling. 
[2015.07.01-21.02.41:525][  0]LogMaterial: Missing cached shader map for material WidgetMaterial, compiling. 
[2015.07.01-21.02.41:531][  0]LogMaterial: Missing cached shader map for material WidgetMaterial_Current, compiling. 
[2015.07.01-21.02.41:538][  0]LogMaterial: Missing cached shader map for material WidgetMaterial_X, compiling. 
[2015.07.01-21.02.41:545][  0]LogMaterial: Missing cached shader map for material WidgetMaterial_Y, compiling. 
[2015.07.01-21.02.41:552][  0]LogMaterial: Missing cached shader map for material WidgetMaterial_Z, compiling. 
[2015.07.01-21.02.41:558][  0]LogMaterial: Missing cached shader map for material WidgetVertexColorMaterial, compiling. 
[2015.07.01-21.02.41:593][  0]LogMaterial: Missing cached shader map for material LevelGridMaterial, compiling. 
[2015.07.01-21.02.41:629][  0]LogMaterial: Missing cached shader map for material BlinkingCaret, compiling. 
[2015.07.01-21.02.41:671][  0]LogMaterial: Missing cached shader map for material M_StreamingPause, compiling. 
[2015.07.01-21.02.41:677][  0]LogCook:Display: Done creating registry. It took  0.00s.
[2015.07.01-21.02.42:202][  0]SourceControl: Info Source control is disabled
[2015.07.01-21.02.42:202][  0]Cmd: MAP LOAD FILE="../../../../../../Users/zakkary/Documents/GitHub/Project-X/ProjectX 4.8/Content/ThirdPersonBP/Maps/ThirdPersonExampleMap.umap" TEMPLATE=0 SHOWPROGRESS=1 FEATURELEVEL=3
[2015.07.01-21.02.42:203][  0]LightingResults: New page: Lighting Build
[2015.07.01-21.02.42:236][  0]MapCheck: New page: Map Check
[2015.07.01-21.02.42:236][  0]LightingResults: New page: Lighting Build
[2015.07.01-21.02.42:260][  0]LogParticles: Destroying 0 GPU particle simulations for FXSystem 0x0000004BBF2EFB00
[2015.07.01-21.02.44:207][  0]LogMaterial: Missing cached shader map for material M_Template_Master, compiling. 
[2015.07.01-21.02.44:394][  0]LogMaterial: Missing cached shader map for material M_Sky_Panning_Clouds2, compiling. 
[2015.07.01-21.02.44:684][  0]LogTexture:Display: Building textures: HQ_Lightmap0_1 (AutoDXT)
[2015.07.01-21.02.50:271][  0]LogTexture:Display: Building textures: HQ_Lightmap0_2 (AutoDXT)
[2015.07.01-21.02.51:643][  0]LogTexture:Display: Building textures: HQ_Lightmap0_3 (AutoDXT)
[2015.07.01-21.02.53:193][  0]LogTexture:Display: Building textures: HQ_Lightmap0_4 (AutoDXT)
[2015.07.01-21.02.54:415][  0]LogTexture:Display: Building textures: HQ_Lightmap0_5 (AutoDXT)
[2015.07.01-21.02.56:169][  0]LogTexture:Display: Building textures: HQ_Lightmap0_6 (AutoDXT)
[2015.07.01-21.02.57:414][  0]LogTexture:Display: Building textures: HQ_Lightmap0_7 (AutoDXT)
[2015.07.01-21.02.59:930][  0]LogTexture:Display: Building textures: HQ_Lightmap0_8 (AutoDXT)
[2015.07.01-21.03.00:623][  0]LogTexture:Display: Building textures: HQ_Lightmap0_9 (AutoDXT)
[2015.07.01-21.03.00:842][  0]LogTexture:Display: Building textures: LQ_Lightmap_0_1 (DXT1)
[2015.07.01-21.03.02:595][  0]LogTexture:Display: Building textures: LQ_Lightmap_0_2 (DXT1)
[2015.07.01-21.03.02:972][  0]LogTexture:Display: Building textures: LQ_Lightmap_0_3 (DXT1)
[2015.07.01-21.03.03:346][  0]LogTexture:Display: Building textures: LQ_Lightmap_0_4 (DXT1)
[2015.07.01-21.03.03:714][  0]LogTexture:Display: Building textures: LQ_Lightmap_0_5 (DXT1)
[2015.07.01-21.03.04:270][  0]LogTexture:Display: Building textures: LQ_Lightmap_0_6 (DXT1)
[2015.07.01-21.03.04:604][  0]LogTexture:Display: Building textures: LQ_Lightmap_0_8 (DXT1)
[2015.07.01-21.03.04:730][  0]LogTexture:Display: Building textures: LQ_Lightmap_0_9 (DXT1)
[2015.07.01-21.03.04:795][  0]LogTexture:Display: Building textures: LQ_Lightmap_1_7 (DXT1)
[2015.07.01-21.03.05:635][  0]LogTexture:Display: Building textures: ShadowMapTexture2D_0 (BGRA8)
[2015.07.01-21.03.06:499][  0]LogTexture:Display: Building textures: ShadowMapTexture2D_1 (BGRA8)
[2015.07.01-21.03.06:699][  0]LogTexture:Display: Building textures: ShadowMapTexture2D_10 (BGRA8)
[2015.07.01-21.03.06:735][  0]LogTexture:Display: Building textures: ShadowMapTexture2D_11 (BGRA8)
[2015.07.01-21.03.06:771][  0]LogTexture:Display: Building textures: ShadowMapTexture2D_2 (BGRA8)
[2015.07.01-21.03.06:992][  0]LogTexture:Display: Building textures: ShadowMapTexture2D_3 (BGRA8)
[2015.07.01-21.03.07:219][  0]LogTexture:Display: Building textures: ShadowMapTexture2D_4 (BGRA8)
[2015.07.01-21.03.07:443][  0]LogTexture:Display: Building textures: ShadowMapTexture2D_5 (BGRA8)
[2015.07.01-21.03.07:672][  0]LogTexture:Display: Building textures: ShadowMapTexture2D_7 (BGRA8)
[2015.07.01-21.03.07:900][  0]LogTexture:Display: Building textures: ShadowMapTexture2D_8 (BGRA8)
[2015.07.01-21.03.08:131][  0]LogTexture:Display: Building textures: ShadowMapTexture2D_9 (BGRA8)
[2015.07.01-21.03.08:859][  0]LogMaterial: Missing cached shader map for material CubeMaterial, compiling. 
[2015.07.01-21.03.08:896][  0]LogAIModule: Creating AISystem for world ThirdPersonExampleMap
[2015.07.01-21.03.09:259][  0]LogEditorServer: Finished looking for orphan Actors (0.000 secs)
[2015.07.01-21.03.10:182][  0]Cmd: MAP CHECKDEP NOCLEARLOG
[2015.07.01-21.03.10:345][  0]MapCheck: Info Map check complete: 0 Error(s), 0 Warning(s), took 162.105ms to complete.
[2015.07.01-21.03.10:345][  0]LogFileHelpers: Loading map 'ThirdPersonExampleMap' took 28.143
[2015.07.01-21.03.10:477][  0]LogCollectionManager: Loaded 0 collections in 0.004150 seconds
[2015.07.01-21.03.10:487][  0]LogContentBrowser: Native class hierarchy populated in 0.0104 seconds. Added 1792 classes and 301 folders.
[2015.07.01-21.03.10:625][  0]LogContentBrowser: Native class hierarchy updated for 'WidgetCarousel' in 0.0009 seconds. Added 0 classes and 0 folders.
[2015.07.01-21.03.10:712][  0]LogContentBrowser: Native class hierarchy updated for 'AddContentDialog' in 0.0008 seconds. Added 0 classes and 0 folders.
[2015.07.01-21.03.10:772][  0]LogContentBrowser: Native class hierarchy updated for 'SceneOutliner' in 0.0008 seconds. Added 1 classes and 2 folders.
[2015.07.01-21.03.10:878][  0]LogCrashTracker: Crashtracker disabled due to settings.
[2015.07.01-21.03.10:882][  0]LogUObjectGlobals:Warning: Failed to find object 'Class None.'
[2015.07.01-21.03.10:905][  0]LogLoad: Full Startup: 1405.38 seconds (BP compile: 1.09 seconds)
[2015.07.01-21.03.11:008][  0]LogContentStreaming: Texture pool size is 0.000000MB
[2015.07.01-21.03.11:063][  0]LogContentStreaming: Texture pool size now 400 MB
[2015.07.01-21.03.11:124][  0]LogMaterial: Missing cached shader map for material LevelGridMaterial2, compiling. 
[2015.07.01-21.03.11:201][  0]LogRenderer: Reallocating scene render targets to support 1208x576 (Frame:2).
[2015.07.01-21.03.13:969][  8]LogAssetRegistry: Asset discovery search completed in 34.7919 seconds
[2015.07.01-21.04.00:492][145]LogEditorViewport: Clicking on Actor (context menu): StaticMeshActor (Floor)
[2015.07.01-21.14.21:210][ 73]LogPlayLevel: PIE:  No blueprints needed recompiling
[2015.07.01-21.14.21:518][ 73]PIE: New page: PIE session: ThirdPersonExampleMap (Jul 1, 2015, 1:14:21 PM)
[2015.07.01-21.14.21:542][ 73]LogPlayLevel: Creating play world package: /Game/ThirdPersonBP/Maps/UEDPIE_0_ThirdPersonExampleMap
[2015.07.01-21.14.21:643][ 73]LogPlayLevel: PIE: StaticDuplicateObject took: (0.101826s)
[2015.07.01-21.14.21:654][ 73]LogAIModule: Creating AISystem for world ThirdPersonExampleMap
[2015.07.01-21.14.21:654][ 73]LogPlayLevel: PIE: World Init took: (0.010624s)
[2015.07.01-21.14.21:662][ 73]LogPlayLevel: PIE: Created PIE world by copying editor world from /Game/ThirdPersonBP/Maps/ThirdPersonExampleMap.ThirdPersonExampleMap to /Game/ThirdPersonBP/Maps/UEDPIE_0_ThirdPersonExampleMap.ThirdPersonExampleMap (0.120110s)
[2015.07.01-21.14.21:844][ 73]LogInit: XAudio2 using 'Headphones (Realtek High Definition Audio)' : 2 channels at 48 kHz using 32 bits per sample (channel mask 0x3)
[2015.07.01-21.14.21:881][ 73]LogInit: FAudioDevice initialized.
[2015.07.01-21.14.22:150][ 73]LogWorld: Game class is 'ThirdPersonGameMode_C'
[2015.07.01-21.14.22:325][ 73]LogWorld: Bringing World /Game/ThirdPersonBP/Maps/UEDPIE_0_ThirdPersonExampleMap.ThirdPersonExampleMap up for play (max tick rate 0) at 2015.07.01-17.14.22
[2015.07.01-21.14.22:325][ 73]LogActor:Warning: GameSession /Game/ThirdPersonBP/Maps/UEDPIE_0_ThirdPersonExampleMap.ThirdPersonExampleMap:PersistentLevel.GameSession_0 has natively added scene component(s), but none of them were set as the actor's RootComponent - picking one arbitrarily
[2015.07.01-21.14.22:362][ 73]LogActor:Warning: GameNetworkManager /Game/ThirdPersonBP/Maps/UEDPIE_0_ThirdPersonExampleMap.ThirdPersonExampleMap:PersistentLevel.GameNetworkManager_0 has natively added scene component(s), but none of them were set as the actor's RootComponent - picking one arbitrarily
[2015.07.01-21.14.22:410][ 73]LogWorld: Bringing up level for play took: 0.094351
[2015.07.01-21.14.22:519][ 73]LogBlueprintUserMessages: Walking
[2015.07.01-21.14.22:540][ 73]PIE: Info Play in editor start time for /Game/ThirdPersonBP/Maps/UEDPIE_0_ThirdPersonExampleMap 0.548
[2015.07.01-21.14.26:131][443]LogBlueprintUserMessages: Sprinting
[2015.07.01-21.14.26:715][513]LogBlueprintUserMessages: Walking
[2015.07.01-21.14.27:048][553]LogBlueprintUserMessages: Sprinting
[2015.07.01-21.14.27:492][606]LogBlueprintUserMessages: Walking
[2015.07.01-21.14.27:708][632]LogBlueprintUserMessages: Sprinting
[2015.07.01-21.14.27:875][652]LogBlueprintUserMessages: Walking
[2015.07.01-21.14.28:025][670]LogBlueprintUserMessages: Sprinting
[2015.07.01-21.14.28:125][682]LogBlueprintUserMessages: Walking
[2015.07.01-21.14.28:945][740]LogParticles: Destroying 0 GPU particle simulations for FXSystem 0x0000004BBE753A60
[2015.07.01-21.17.28:659][741]Cmd: QUIT_EDITOR
[2015.07.01-21.17.29:247][741]LogWindowsTextInputMethodSystem:Display: IME system now deactivated.
[2015.07.01-21.17.29:353][741]LogExit: Preparing to exit.
[2015.07.01-21.17.30:082][741]LogExit: Editor shut down
[2015.07.01-21.17.30:082][741]LogExit: Transaction tracking system shut down
[2015.07.01-21.17.30:084][741]LogParticles: Destroying 0 GPU particle simulations for FXSystem 0x0000004BB0C8CB80
[2015.07.01-21.17.30:084][741]LogParticles: Destroying 0 GPU particle simulations for FXSystem 0x0000004BB678EB60
[2015.07.01-21.17.30:084][741]LogParticles: Destroying 0 GPU particle simulations for FXSystem 0x0000004BBDB60AE0
[2015.07.01-21.17.30:085][741]LogParticles: Destroying 0 GPU particle simulations for FXSystem 0x0000004BC10EA3E0
[2015.07.01-21.17.30:483][741]LogExit: Object subsystem successfully closed.
[2015.07.01-21.17.30:591][741]LogModuleManager: Shutting down and abandoning module CrashTracker (188)
[2015.07.01-21.17.30:591][741]LogModuleManager: Shutting down and abandoning module SceneOutliner (187)
[2015.07.01-21.17.30:591][741]LogModuleManager: Shutting down and abandoning module SuperSearch (186)
[2015.07.01-21.17.30:591][741]LogModuleManager: Shutting down and abandoning module WidgetCarousel (185)
[2015.07.01-21.17.30:591][741]LogModuleManager: Shutting down and abandoning module AddContentDialog (184)
[2015.07.01-21.17.30:594][741]LogModuleManager: Shutting down and abandoning module EditorWidgets (183)
[2015.07.01-21.17.30:594][741]LogModuleManager: Shutting down and abandoning module CollectionManager (182)
[2015.07.01-21.17.30:594][741]LogModuleManager: Shutting down and abandoning module StatsViewer (181)
[2015.07.01-21.17.30:594][741]LogModuleManager: Shutting down and abandoning module FoliageEdit (180)
[2015.07.01-21.17.30:594][741]LogModuleManager: Shutting down and abandoning module LandscapeEditor (179)
[2015.07.01-21.17.30:594][741]LogModuleManager: Shutting down and abandoning module ActorPickerMode (178)
[2015.07.01-21.17.30:594][741]LogModuleManager: Shutting down and abandoning module GeometryMode (177)
[2015.07.01-21.17.30:594][741]LogModuleManager: Shutting down and abandoning module TextureAlignMode (176)
[2015.07.01-21.17.30:594][741]LogModuleManager: Shutting down and abandoning module BspMode (175)
[2015.07.01-21.17.30:594][741]LogModuleManager: Shutting down and abandoning module PlacementMode (174)
[2015.07.01-21.17.30:594][741]LogModuleManager: Shutting down and abandoning module AutomationWorker (173)
[2015.07.01-21.17.30:594][741]LogModuleManager: Shutting down and abandoning module CharacterAI (172)
[2015.07.01-21.17.30:594][741]LogModuleManager: Shutting down and abandoning module SmartSnapping (171)
[2015.07.01-21.17.30:594][741]LogModuleManager: Shutting down and abandoning module ViewportSnapping (170)
[2015.07.01-21.17.30:594][741]LogModuleManager: Shutting down and abandoning module LogVisualizer (169)
[2015.07.01-21.17.30:594][741]LogModuleManager: Shutting down and abandoning module GameProjectGeneration (168)
[2015.07.01-21.17.30:594][741]LogModuleManager: Shutting down and abandoning module IntroTutorials (167)
[2015.07.01-21.17.30:594][741]LogModuleManager: Shutting down and abandoning module EditorLiveStreaming (166)
[2015.07.01-21.17.30:594][741]LogModuleManager: Shutting down and abandoning module IOSPlatformEditor (165)
[2015.07.01-21.17.30:594][741]LogModuleManager: Shutting down and abandoning module HTML5PlatformEditor (164)
[2015.07.01-21.17.30:594][741]LogModuleManager: Shutting down and abandoning module AndroidDeviceDetection (163)
[2015.07.01-21.17.31:534][741]LogModuleManager: Shutting down and abandoning module AndroidPlatformEditor (162)
[2015.07.01-21.17.31:534][741]LogModuleManager: Shutting down and abandoning module IOSRuntimeSettings (161)
[2015.07.01-21.17.31:534][741]LogModuleManager: Shutting down and abandoning module AndroidRuntimeSettings (160)
[2015.07.01-21.17.31:534][741]LogModuleManager: Shutting down and abandoning module MergeActors (159)
[2015.07.01-21.17.31:534][741]LogModuleManager: Shutting down and abandoning module SizeMap (158)
[2015.07.01-21.17.31:534][741]LogModuleManager: Shutting down and abandoning module TreeMap (157)
[2015.07.01-21.17.31:534][741]LogModuleManager: Shutting down and abandoning module ReferenceViewer (156)
[2015.07.01-21.17.31:534][741]LogModuleManager: Shutting down and abandoning module LocalizationDashboard (155)
[2015.07.01-21.17.31:534][741]LogModuleManager: Shutting down and abandoning module HardwareTargeting (154)
[2015.07.01-21.17.31:534][741]LogModuleManager: Shutting down and abandoning module DeviceProfileEditor (153)
[2015.07.01-21.17.31:534][741]LogModuleManager: Shutting down and abandoning module UndoHistory (152)
[2015.07.01-21.17.31:534][741]LogModuleManager: Shutting down and abandoning module GameplayTagsEditor (151)
[2015.07.01-21.17.31:534][741]LogModuleManager: Shutting down and abandoning module UserFeedback (150)
[2015.07.01-21.17.31:534][741]LogModuleManager: Shutting down and abandoning module XmlParser (149)
[2015.07.01-21.17.31:534][741]LogModuleManager: Shutting down and abandoning module Blutility (148)
[2015.07.01-21.17.31:534][741]LogModuleManager: Shutting down and abandoning module ProjectTargetPlatformEditor (147)
[2015.07.01-21.17.31:534][741]LogModuleManager: Shutting down and abandoning module ProjectSettingsViewer (146)
[2015.07.01-21.17.31:534][741]LogModuleManager: Shutting down and abandoning module InputBindingEditor (145)
[2015.07.01-21.17.31:534][741]LogModuleManager: Shutting down and abandoning module EditorSettingsViewer (144)
[2015.07.01-21.17.31:534][741]LogModuleManager: Shutting down and abandoning module SettingsEditor (143)
[2015.07.01-21.17.31:534][741]LogModuleManager: Shutting down and abandoning module ProjectLauncher (142)
[2015.07.01-21.17.31:534][741]LogModuleManager: Shutting down and abandoning module SessionFrontend (141)
[2015.07.01-21.17.31:534][741]LogModuleManager: Shutting down and abandoning module ProfilerClient (140)
[2015.07.01-21.17.31:534][741]LogModuleManager: Shutting down and abandoning module TargetDeviceServices (139)
[2015.07.01-21.17.31:534][741]LogModuleManager: Shutting down and abandoning module DeviceManager (138)
[2015.07.01-21.17.31:534][741]LogModuleManager: Shutting down and abandoning module AutomationController (137)
[2015.07.01-21.17.31:534][741]LogModuleManager: Shutting down and abandoning module AutomationWindow (136)
[2015.07.01-21.17.31:534][741]LogModuleManager: Shutting down and abandoning module Layers (135)
[2015.07.01-21.17.31:534][741]LogModuleManager: Shutting down and abandoning module ComponentVisualizers (134)
[2015.07.01-21.17.31:534][741]LogModuleManager: Shutting down and abandoning module DetailCustomizations (133)
[2015.07.01-21.17.31:534][741]LogModuleManager: Shutting down and abandoning module PackagesDialog (132)
[2015.07.01-21.17.31:534][741]LogModuleManager: Shutting down and abandoning module AssetRegistry (131)
[2015.07.01-21.17.31:806][741]LogModuleManager: Shutting down and abandoning module Persona (130)
[2015.07.01-21.17.31:806][741]LogModuleManager: Shutting down and abandoning module Kismet (129)
[2015.07.01-21.17.31:806][741]LogModuleManager: Shutting down and abandoning module GraphEditor (128)
[2015.07.01-21.17.31:806][741]LogModuleManager: Shutting down and abandoning module ClassViewer (127)
[2015.07.01-21.17.31:806][741]LogModuleManager: Shutting down and abandoning module Toolbox (126)
[2015.07.01-21.17.31:806][741]LogModuleManager: Shutting down and abandoning module ModuleUI (125)
[2015.07.01-21.17.31:806][741]LogModuleManager: Shutting down and abandoning module MovieSceneTools (124)
[2015.07.01-21.17.31:806][741]LogModuleManager: Shutting down and abandoning module OutputLog (123)
[2015.07.01-21.17.31:806][741]LogModuleManager: Shutting down and abandoning module GammaUI (122)
[2015.07.01-21.17.31:806][741]LogModuleManager: Shutting down and abandoning module Documentation (121)
[2015.07.01-21.17.31:807][741]LogModuleManager: Shutting down and abandoning module GameLiveStreaming (120)
[2015.07.01-21.17.31:807][741]LogModuleManager: Shutting down and abandoning module StreamingPauseRendering (119)
[2015.07.01-21.17.31:807][741]LogModuleManager: Shutting down and abandoning module AnalyticsET (118)
[2015.07.01-21.17.31:807][741]LogModuleManager: Shutting down and abandoning module Analytics (117)
[2015.07.01-21.17.31:807][741]LogModuleManager: Shutting down and abandoning module AITestSuite (116)
[2015.07.01-21.17.31:807][741]LogModuleManager: Shutting down and abandoning module GameplayDebugger (115)
[2015.07.01-21.17.31:807][741]LogModuleManager: Shutting down and abandoning module AIModule (114)
[2015.07.01-21.17.31:807][741]LogModuleManager: Shutting down and abandoning module ProfilerService (113)
[2015.07.01-21.17.31:879][741]LogModuleManager: Shutting down and abandoning module TaskGraph (112)
[2015.07.01-21.17.31:879][741]LogModuleManager: Shutting down and abandoning module SlateRemote (111)
[2015.07.01-21.17.31:879][741]LogModuleManager: Shutting down and abandoning module SteamVRController (110)
[2015.07.01-21.17.31:879][741]LogModuleManager: Shutting down and abandoning module SteamVR (109)
[2015.07.01-21.17.31:879][741]LogModuleManager: Shutting down and abandoning module ProceduralMeshComponent (108)
[2015.07.01-21.17.31:879][741]LogModuleManager: Shutting down and abandoning module OculusRift (107)
[2015.07.01-21.17.31:879][741]LogModuleManager: Shutting down and abandoning module LeapMotionController (106)
[2015.07.01-21.17.31:887][741]LogModuleManager: Shutting down and abandoning module CustomMeshComponent (105)
[2015.07.01-21.17.31:887][741]LogModuleManager: Shutting down and abandoning module CableComponent (104)
[2015.07.01-21.17.31:887][741]LogModuleManager: Shutting down and abandoning module MessagingDebugger (103)
[2015.07.01-21.17.31:887][741]LogModuleManager: Shutting down and abandoning module MediaPlayerEditor (102)
[2015.07.01-21.17.31:887][741]LogModuleManager: Shutting down and abandoning module SpeedTreeImporter (101)
[2015.07.01-21.17.31:887][741]LogModuleManager: Shutting down and abandoning module PluginBrowser (100)
[2015.07.01-21.17.31:887][741]LogModuleManager: Shutting down and abandoning module EpicSurvey (99)
[2015.07.01-21.17.31:887][741]LogModuleManager: Shutting down and abandoning module DesktopPlatform (98)
[2015.07.01-21.17.31:887][741]LogModuleManager: Shutting down and abandoning module VisualStudioSourceCodeAccess (97)
[2015.07.01-21.17.31:887][741]LogModuleManager: Shutting down and abandoning module UObjectPlugin (96)
[2015.07.01-21.17.31:887][741]LogModuleManager: Shutting down and abandoning module SubversionSourceControl (95)
[2015.07.01-21.17.31:887][741]LogModuleManager: Shutting down and abandoning module PerforceSourceControl (94)
[2015.07.01-21.17.31:887][741]LogModuleManager: Shutting down and abandoning module SourceControl (93)
[2015.07.01-21.17.31:888][741]LogModuleManager: Shutting down and abandoning module GitSourceControl (92)
[2015.07.01-21.17.31:888][741]LogModuleManager: Shutting down and abandoning module BlankPlugin (91)
[2015.07.01-21.17.31:888][741]LogModuleManager: Shutting down and abandoning module PaperTiledImporter (90)
[2015.07.01-21.17.31:888][741]LogModuleManager: Shutting down and abandoning module PaperSpriteSheetImporter (89)
[2015.07.01-21.17.31:888][741]LogModuleManager: Shutting down and abandoning module MeshPaint (88)
[2015.07.01-21.17.31:888][741]LogModuleManager: Shutting down and abandoning module SlateReflector (87)
[2015.07.01-21.17.31:888][741]LogModuleManager: Shutting down and abandoning module DirectoryWatcher (86)
[2015.07.01-21.17.31:889][741]LogModuleManager: Shutting down and abandoning module HotReload (85)
[2015.07.01-21.17.31:889][741]LogModuleManager: Shutting down and abandoning module MainFrame (84)
[2015.07.01-21.17.31:889][741]LogModuleManager: Shutting down and abandoning module LevelEditor (83)
[2015.07.01-21.17.31:890][741]LogModuleManager: Shutting down and abandoning module ContentBrowser (82)
[2015.07.01-21.17.31:890][741]LogModuleManager: Shutting down and abandoning module Paper2DEditor (81)
[2015.07.01-21.17.31:890][741]LogModuleManager: Shutting down and abandoning module UdpMessaging (80)
[2015.07.01-21.17.31:991][741]LogModuleManager: Shutting down and abandoning module Paper2D (79)
[2015.07.01-21.17.31:991][741]LogModuleManager: Shutting down and abandoning module WindowsMoviePlayer (78)
[2015.07.01-21.17.31:995][741]LogModuleManager: Shutting down and abandoning module Media (77)
[2015.07.01-21.17.31:995][741]LogModuleManager: Shutting down and abandoning module WmfMedia (76)
[2015.07.01-21.17.31:995][741]LogModuleManager: Shutting down and abandoning module OnlineBlueprintSupport (75)
[2015.07.01-21.17.31:995][741]LogModuleManager: Shutting down and abandoning module PropertyEditor (74)
[2015.07.01-21.17.31:995][741]LogModuleManager: Shutting down and abandoning module BehaviorTreeEditor (73)
[2015.07.01-21.17.31:995][741]LogModuleManager: Shutting down and abandoning module FunctionalTesting (72)
[2015.07.01-21.17.31:995][741]LogModuleManager: Shutting down and abandoning module CollisionAnalyzer (71)
[2015.07.01-21.17.31:995][741]LogModuleManager: Shutting down and abandoning module WorkspaceMenuStructure (70)
[2015.07.01-21.17.31:995][741]LogModuleManager: Shutting down and abandoning module MessageLog (69)
[2015.07.01-21.17.31:995][741]LogModuleManager: Shutting down and abandoning module Sequencer (68)
[2015.07.01-21.17.31:995][741]LogModuleManager: Shutting down and abandoning module AssetTools (67)
[2015.07.01-21.17.31:995][741]LogModuleManager: Shutting down and abandoning module UMGEditor (66)
[2015.07.01-21.17.31:995][741]LogModuleManager: Shutting down and abandoning module UMG (65)
[2015.07.01-21.17.31:995][741]LogModuleManager: Shutting down and abandoning module Slate (64)
[2015.07.01-21.17.31:995][741]LogModuleManager: Shutting down and abandoning module EditorStyle (63)
[2015.07.01-21.17.32:002][741]LogModuleManager: Shutting down and abandoning module SessionServices (62)
[2015.07.01-21.17.32:002][741]LogModuleManager: Shutting down and abandoning module SourceCodeAccess (61)
[2015.07.01-21.17.32:002][741]LogModuleManager: Shutting down and abandoning module HeadMountedDisplay (60)
[2015.07.01-21.17.32:002][741]LogModuleManager: Shutting down and abandoning module XAudio2 (59)
[2015.07.01-21.17.32:002][741]LogModuleManager: Shutting down and abandoning module Networking (57)
[2015.07.01-21.17.32:002][741]LogModuleManager: Shutting down and abandoning module Core (56)
[2015.07.01-21.17.32:002][741]LogModuleManager: Shutting down and abandoning module KismetCompiler (55)
[2015.07.01-21.17.32:002][741]LogModuleManager: Shutting down and abandoning module PhysXFormats (54)
[2015.07.01-21.17.32:002][741]LogModuleManager: Shutting down and abandoning module MeshUtilities (53)
[2015.07.01-21.17.32:002][741]LogModuleManager: Shutting down and abandoning module DerivedDataCache (52)
[2015.07.01-21.17.32:086][741]LogDerivedDataCache: Shutdown
[2015.07.01-21.17.32:086][741]LogModuleManager: Shutting down and abandoning module ShaderFormatOpenGL (51)
[2015.07.01-21.17.32:086][741]LogModuleManager: Shutting down and abandoning module ShaderFormatD3D (50)
[2015.07.01-21.17.32:086][741]LogModuleManager: Shutting down and abandoning module MetalShaderFormat (49)
[2015.07.01-21.17.32:086][741]LogModuleManager: Shutting down and abandoning module TextureFormatUncompressed (48)
[2015.07.01-21.17.32:086][741]LogModuleManager: Shutting down and abandoning module TextureFormatPVR (47)
[2015.07.01-21.17.32:086][741]LogModuleManager: Shutting down and abandoning module TextureFormatIntelISPCTexComp (46)
[2015.07.01-21.17.32:086][741]LogModuleManager: Shutting down and abandoning module TextureFormatDXT (45)
[2015.07.01-21.17.32:086][741]LogModuleManager: Shutting down and abandoning module ImageWrapper (44)
[2015.07.01-21.17.32:086][741]LogModuleManager: Shutting down and abandoning module TextureFormatASTC (43)
[2015.07.01-21.17.32:086][741]LogModuleManager: Shutting down and abandoning module TextureFormatAndroid (42)
[2015.07.01-21.17.32:086][741]LogModuleManager: Shutting down and abandoning module AudioFormatOpus (41)
[2015.07.01-21.17.32:086][741]LogModuleManager: Shutting down and abandoning module AudioFormatOgg (40)
[2015.07.01-21.17.32:086][741]LogModuleManager: Shutting down and abandoning module AudioFormatADPCM (39)
[2015.07.01-21.17.32:086][741]LogModuleManager: Shutting down and abandoning module LinuxTargetPlatform (38)
[2015.07.01-21.17.32:086][741]LogModuleManager: Shutting down and abandoning module LinuxServerTargetPlatform (37)
[2015.07.01-21.17.32:086][741]LogModuleManager: Shutting down and abandoning module LinuxNoEditorTargetPlatform (36)
[2015.07.01-21.17.32:086][741]LogModuleManager: Shutting down and abandoning module Messaging (35)
[2015.07.01-21.17.32:086][741]LogModuleManager: Shutting down and abandoning module IOSTargetPlatform (34)
[2015.07.01-21.17.32:086][741]LogModuleManager: Shutting down and abandoning module HTML5TargetPlatform (33)
[2015.07.01-21.17.32:086][741]LogModuleManager: Shutting down and abandoning module Android_PVRTCTargetPlatform (32)
[2015.07.01-21.17.32:086][741]LogModuleManager: Shutting down and abandoning module Android_ETC2TargetPlatform (31)
[2015.07.01-21.17.32:086][741]LogModuleManager: Shutting down and abandoning module Android_ETC1TargetPlatform (30)
[2015.07.01-21.17.32:086][741]LogModuleManager: Shutting down and abandoning module Android_DXTTargetPlatform (29)
[2015.07.01-21.17.32:086][741]LogModuleManager: Shutting down and abandoning module Android_ATCTargetPlatform (28)
[2015.07.01-21.17.32:086][741]LogModuleManager: Shutting down and abandoning module Android_ASTCTargetPlatform (27)
[2015.07.01-21.17.32:086][741]LogModuleManager: Shutting down and abandoning module AndroidTargetPlatform (26)
[2015.07.01-21.17.32:086][741]LogModuleManager: Shutting down and abandoning module WindowsTargetPlatform (25)
[2015.07.01-21.17.32:086][741]LogModuleManager: Shutting down and abandoning module WindowsServerTargetPlatform (24)
[2015.07.01-21.17.32:086][741]LogModuleManager: Shutting down and abandoning module WindowsNoEditorTargetPlatform (23)
[2015.07.01-21.17.32:086][741]LogModuleManager: Shutting down and abandoning module WindowsClientTargetPlatform (22)
[2015.07.01-21.17.32:086][741]LogModuleManager: Shutting down and abandoning module DesktopTargetPlatform (21)
[2015.07.01-21.17.32:086][741]LogModuleManager: Shutting down and abandoning module TargetPlatform (20)
[2015.07.01-21.17.32:086][741]LogModuleManager: Shutting down and abandoning module InputCore (19)
[2015.07.01-21.17.32:086][741]LogModuleManager: Shutting down and abandoning module Settings (18)
[2015.07.01-21.17.32:086][741]LogModuleManager: Shutting down and abandoning module OnlineSubsystem (16)
[2015.07.01-21.17.32:086][741]LogModuleManager: Shutting down and abandoning module HTTP (15)
[2015.07.01-21.17.32:086][741]LogModuleManager: Shutting down and abandoning module ExampleDeviceProfileSelector (14)
[2015.07.01-21.17.32:086][741]LogModuleManager: Shutting down and abandoning module TextureCompressor (13)
[2015.07.01-21.17.32:086][741]LogModuleManager: Shutting down and abandoning module ShaderCore (12)
[2015.07.01-21.17.32:086][741]LogModuleManager: Shutting down and abandoning module Landscape (11)
[2015.07.01-21.17.32:086][741]LogModuleManager: Shutting down and abandoning module SlateRHIRenderer (10)
[2015.07.01-21.17.32:088][741]LogModuleManager: Shutting down and abandoning module OpenGLDrv (9)
[2015.07.01-21.17.32:088][741]LogModuleManager: Shutting down and abandoning module D3D11RHI (8)
[2015.07.01-21.17.32:088][741]LogModuleManager: Shutting down and abandoning module Renderer (7)
[2015.07.01-21.17.32:088][741]LogModuleManager: Shutting down and abandoning module Engine (6)
[2015.07.01-21.17.32:088][741]LogModuleManager: Shutting down and abandoning module CoreUObject (5)
[2015.07.01-21.17.32:089][741]LogModuleManager: Shutting down and abandoning module NetworkFile (4)
[2015.07.01-21.17.32:089][741]LogModuleManager: Shutting down and abandoning module StreamingFile (3)
[2015.07.01-21.17.32:089][741]LogModuleManager: Shutting down and abandoning module SandboxFile (2)
[2015.07.01-21.17.32:089][741]LogModuleManager: Shutting down and abandoning module PakFile (1)
[2015.07.01-21.17.32:089][741]LogExit: Exiting.
[2015.07.01-21.17.32:099][741]Log file closed, 07/01/15 17:17:32
